<?xml version="1.0" encoding="UTF-8"?>
<testsuite name="tourGuide.TestPerformance" tests="2" skipped="0" failures="0" errors="0" timestamp="2021-10-26T14:04:15" hostname="DESKTOP-IV3G66P" time="16.659">
  <properties/>
  <testcase name="highVolumeTrackLocation()" classname="tourGuide.TestPerformance" time="16.561"/>
  <testcase name="highVolumeGetRewards()" classname="tourGuide.TestPerformance" time="0.097"/>
  <system-out><![CDATA[2021-10-26 16:04:15.982  INFO 17244 --- [    Test worker] .b.t.c.SpringBootTestContextBootstrapper : Neither @ContextConfiguration nor @ContextHierarchy found for test class [tourGuide.TestPerformance], using SpringBootContextLoader
2021-10-26 16:04:15.982  INFO 17244 --- [    Test worker] o.s.t.c.support.AbstractContextLoader    : Could not detect default resource locations for test class [tourGuide.TestPerformance]: no resource found for suffixes {-context.xml, Context.groovy}.
2021-10-26 16:04:15.982  INFO 17244 --- [    Test worker] t.c.s.AnnotationConfigContextLoaderUtils : Could not detect default configuration classes for test class [tourGuide.TestPerformance]: TestPerformance does not declare any static, non-private, non-final, nested classes annotated with @Configuration.
- User --- addUserReward -
- User --- addUserReward -> on ajoute le userReward
- User --- addUserReward -> attrationName: Flatiron Building
2021-10-26 16:04:15.987  INFO 17244 --- [    Test worker] .b.t.c.SpringBootTestContextBootstrapper : Found @SpringBootConfiguration tourGuide.Application for test class tourGuide.TestPerformance
2021-10-26 16:04:15.987  INFO 17244 --- [    Test worker] .b.t.c.SpringBootTestContextBootstrapper : Loaded default TestExecutionListener class names from location [META-INF/spring.factories]: [org.springframework.boot.test.autoconfigure.restdocs.RestDocsTestExecutionListener, org.springframework.boot.test.autoconfigure.web.client.MockRestServiceServerResetTestExecutionListener, org.springframework.boot.test.autoconfigure.web.servlet.MockMvcPrintOnlyOnFailureTestExecutionListener, org.springframework.boot.test.autoconfigure.web.servlet.WebDriverTestExecutionListener, org.springframework.boot.test.mock.mockito.MockitoTestExecutionListener, org.springframework.boot.test.mock.mockito.ResetMocksTestExecutionListener, org.springframework.test.context.web.ServletTestExecutionListener, org.springframework.test.context.support.DirtiesContextBeforeModesTestExecutionListener, org.springframework.test.context.support.DependencyInjectionTestExecutionListener, org.springframework.test.context.support.DirtiesContextTestExecutionListener, org.springframework.test.context.transaction.TransactionalTestExecutionListener, org.springframework.test.context.jdbc.SqlScriptsTestExecutionListener]
2021-10-26 16:04:15.989  INFO 17244 --- [    Test worker] .b.t.c.SpringBootTestContextBootstrapper : Using TestExecutionListeners: [org.springframework.test.context.web.ServletTestExecutionListener@26c8f0c4, org.springframework.test.context.support.DirtiesContextBeforeModesTestExecutionListener@4e70f780, org.springframework.boot.test.mock.mockito.MockitoTestExecutionListener@3f01c218, org.springframework.boot.test.autoconfigure.SpringBootDependencyInjectionTestExecutionListener@1e63422, org.springframework.test.context.support.DirtiesContextTestExecutionListener@6049aa0a, org.springframework.boot.test.autoconfigure.restdocs.RestDocsTestExecutionListener@29cc8d74, org.springframework.boot.test.autoconfigure.web.client.MockRestServiceServerResetTestExecutionListener@186c8b57, org.springframework.boot.test.autoconfigure.web.servlet.MockMvcPrintOnlyOnFailureTestExecutionListener@281beb5c, org.springframework.boot.test.autoconfigure.web.servlet.WebDriverTestExecutionListener@5af0daf, org.springframework.boot.test.mock.mockito.ResetMocksTestExecutionListener@48c59743]
2021-10-26 16:04:16.029  INFO 17244 --- [pool-2-thread-6] tourGuide.service.RewardsService         :  ----> Launch calculateRewards
2021-10-26 16:04:16.035  INFO 17244 --- [pool-2-thread-5] tourGuide.service.RewardsService         :  ----> Launch calculateRewards
2021-10-26 16:04:16.037  INFO 17244 --- [ool-2-thread-88] tourGuide.service.RewardsService         :  ----> Launch calculateRewards
2021-10-26 16:04:16.041  INFO 17244 --- [ool-2-thread-31] tourGuide.service.RewardsService         :  ----> Launch calculateRewards
2021-10-26 16:04:16.042  INFO 17244 --- [ool-2-thread-21] tourGuide.service.RewardsService         :  ----> Launch calculateRewards
2021-10-26 16:04:16.044  INFO 17244 --- [ool-2-thread-25] tourGuide.service.RewardsService         :  ----> Launch calculateRewards
2021-10-26 16:04:16.049  INFO 17244 --- [ool-2-thread-82] tourGuide.service.RewardsService         :  ----> Launch calculateRewards
2021-10-26 16:04:16.049  INFO 17244 --- [ool-2-thread-73] tourGuide.service.RewardsService         :  ----> Launch calculateRewards
2021-10-26 16:04:16.049  INFO 17244 --- [ool-2-thread-67] tourGuide.service.RewardsService         :  ----> Launch calculateRewards
2021-10-26 16:04:16.049  INFO 17244 --- [pool-2-thread-7] tourGuide.service.RewardsService         :  ----> Launch calculateRewards
2021-10-26 16:04:16.056  INFO 17244 --- [ool-2-thread-48] tourGuide.service.RewardsService         :  ----> Launch calculateRewards
2021-10-26 16:04:16.056  INFO 17244 --- [ool-2-thread-29] tourGuide.service.RewardsService         :  ----> Launch calculateRewards
2021-10-26 16:04:16.056  INFO 17244 --- [ool-2-thread-34] tourGuide.service.RewardsService         :  ----> Launch calculateRewards
2021-10-26 16:04:16.056  INFO 17244 --- [ool-2-thread-54] tourGuide.service.RewardsService         :  ----> Launch calculateRewards
2021-10-26 16:04:16.058  INFO 17244 --- [ool-2-thread-27] tourGuide.service.RewardsService         :  ----> Launch calculateRewards
2021-10-26 16:04:16.059  INFO 17244 --- [ool-2-thread-85] tourGuide.service.RewardsService         :  ----> Launch calculateRewards
2021-10-26 16:04:16.061  INFO 17244 --- [ool-2-thread-64] tourGuide.service.RewardsService         :  ----> Launch calculateRewards
2021-10-26 16:04:16.059  INFO 17244 --- [ool-2-thread-41] tourGuide.service.RewardsService         :  ----> Launch calculateRewards
2021-10-26 16:04:16.061  INFO 17244 --- [ool-2-thread-24] tourGuide.service.RewardsService         :  ----> Launch calculateRewards
2021-10-26 16:04:16.061  INFO 17244 --- [pool-2-thread-9] tourGuide.service.RewardsService         :  ----> Launch calculateRewards
2021-10-26 16:04:16.063  INFO 17244 --- [ool-2-thread-52] tourGuide.service.RewardsService         :  ----> Launch calculateRewards
2021-10-26 16:04:16.064  INFO 17244 --- [ool-2-thread-18] tourGuide.service.RewardsService         :  ----> Launch calculateRewards
2021-10-26 16:04:16.063  INFO 17244 --- [ool-2-thread-16] tourGuide.service.RewardsService         :  ----> Launch calculateRewards
2021-10-26 16:04:16.064  INFO 17244 --- [ool-2-thread-26] tourGuide.service.RewardsService         :  ----> Launch calculateRewards
2021-10-26 16:04:16.064  INFO 17244 --- [ool-2-thread-77] tourGuide.service.RewardsService         :  ----> Launch calculateRewards
2021-10-26 16:04:16.064  INFO 17244 --- [ool-2-thread-23] tourGuide.service.RewardsService         :  ----> Launch calculateRewards
2021-10-26 16:04:16.064  INFO 17244 --- [ool-2-thread-11] tourGuide.service.RewardsService         :  ----> Launch calculateRewards
2021-10-26 16:04:16.064  INFO 17244 --- [ool-2-thread-32] tourGuide.service.RewardsService         :  ----> Launch calculateRewards
2021-10-26 16:04:16.064  INFO 17244 --- [ol-2-thread-100] tourGuide.service.RewardsService         :  ----> Launch calculateRewards
2021-10-26 16:04:16.065  INFO 17244 --- [ool-2-thread-30] tourGuide.service.RewardsService         :  ----> Launch calculateRewards
2021-10-26 16:04:16.068  INFO 17244 --- [ool-2-thread-57] tourGuide.service.RewardsService         :  ----> Launch calculateRewards
2021-10-26 16:04:16.069  INFO 17244 --- [pool-2-thread-8] tourGuide.service.RewardsService         :  ----> Launch calculateRewards
2021-10-26 16:04:16.069  INFO 17244 --- [pool-2-thread-2] tourGuide.service.RewardsService         :  ----> Launch calculateRewards
2021-10-26 16:04:16.069  INFO 17244 --- [ool-2-thread-74] tourGuide.service.RewardsService         :  ----> Launch calculateRewards
2021-10-26 16:04:16.069  INFO 17244 --- [ool-2-thread-42] tourGuide.service.RewardsService         :  ----> Launch calculateRewards
2021-10-26 16:04:16.068  INFO 17244 --- [ool-2-thread-63] tourGuide.service.RewardsService         :  ----> Launch calculateRewards
2021-10-26 16:04:16.069  INFO 17244 --- [ool-2-thread-75] tourGuide.service.RewardsService         :  ----> Launch calculateRewards
2021-10-26 16:04:16.079  INFO 17244 --- [ool-2-thread-40] tourGuide.service.RewardsService         :  ----> Launch calculateRewards
2021-10-26 16:04:16.080  INFO 17244 --- [ool-2-thread-56] tourGuide.service.RewardsService         :  ----> Launch calculateRewards
2021-10-26 16:04:16.080  INFO 17244 --- [ool-2-thread-13] tourGuide.service.RewardsService         :  ----> Launch calculateRewards
2021-10-26 16:04:16.080  INFO 17244 --- [ol-2-thread-101] tourGuide.service.RewardsService         :  ----> Launch calculateRewards
2021-10-26 16:04:16.080  INFO 17244 --- [ool-2-thread-81] tourGuide.service.RewardsService         :  ----> Launch calculateRewards
2021-10-26 16:04:16.080  INFO 17244 --- [ool-2-thread-35] tourGuide.service.RewardsService         :  ----> Launch calculateRewards
2021-10-26 16:04:16.080  INFO 17244 --- [ool-2-thread-36] tourGuide.service.RewardsService         :  ----> Launch calculateRewards
2021-10-26 16:04:16.080  INFO 17244 --- [ool-2-thread-28] tourGuide.service.RewardsService         :  ----> Launch calculateRewards
2021-10-26 16:04:16.080  INFO 17244 --- [ool-2-thread-39] tourGuide.service.RewardsService         :  ----> Launch calculateRewards
2021-10-26 16:04:16.081  INFO 17244 --- [ool-2-thread-91] tourGuide.service.RewardsService         :  ----> Launch calculateRewards
2021-10-26 16:04:16.080  INFO 17244 --- [ool-2-thread-99] tourGuide.service.RewardsService         :  ----> Launch calculateRewards
2021-10-26 16:04:16.080  INFO 17244 --- [ool-2-thread-94] tourGuide.service.RewardsService         :  ----> Launch calculateRewards
2021-10-26 16:04:16.080  INFO 17244 --- [ool-2-thread-76] tourGuide.service.RewardsService         :  ----> Launch calculateRewards
2021-10-26 16:04:16.080  INFO 17244 --- [ool-2-thread-46] tourGuide.service.RewardsService         :  ----> Launch calculateRewards
2021-10-26 16:04:16.081  INFO 17244 --- [ool-2-thread-69] tourGuide.service.RewardsService         :  ----> Launch calculateRewards
2021-10-26 16:04:16.087  INFO 17244 --- [ool-2-thread-65] tourGuide.service.RewardsService         :  ----> Launch calculateRewards
2021-10-26 16:04:16.082  INFO 17244 --- [ool-2-thread-53] tourGuide.service.RewardsService         :  ----> Launch calculateRewards
2021-10-26 16:04:16.082  INFO 17244 --- [ool-2-thread-90] tourGuide.service.RewardsService         :  ----> Launch calculateRewards
2021-10-26 16:04:16.087  INFO 17244 --- [ool-2-thread-70] tourGuide.service.RewardsService         :  ----> Launch calculateRewards
2021-10-26 16:04:16.089  INFO 17244 --- [pool-2-thread-3] tourGuide.service.RewardsService         :  ----> Launch calculateRewards
2021-10-26 16:04:16.091  INFO 17244 --- [ool-2-thread-33] tourGuide.service.RewardsService         :  ----> Launch calculateRewards
2021-10-26 16:04:16.087  INFO 17244 --- [ool-2-thread-84] tourGuide.service.RewardsService         :  ----> Launch calculateRewards
2021-10-26 16:04:16.091  INFO 17244 --- [pool-2-thread-4] tourGuide.service.RewardsService         :  ----> Launch calculateRewards
2021-10-26 16:04:16.088  INFO 17244 --- [ool-2-thread-45] tourGuide.service.RewardsService         :  ----> Launch calculateRewards
2021-10-26 16:04:16.088  INFO 17244 --- [ool-2-thread-38] tourGuide.service.RewardsService         :  ----> Launch calculateRewards
2021-10-26 16:04:16.088  INFO 17244 --- [ool-2-thread-59] tourGuide.service.RewardsService         :  ----> Launch calculateRewards
2021-10-26 16:04:16.088  INFO 17244 --- [ool-2-thread-58] tourGuide.service.RewardsService         :  ----> Launch calculateRewards
2021-10-26 16:04:16.093  INFO 17244 --- [ool-2-thread-43] tourGuide.service.RewardsService         :  ----> Launch calculateRewards
2021-10-26 16:04:16.088  INFO 17244 --- [ool-2-thread-95] tourGuide.service.RewardsService         :  ----> Launch calculateRewards
2021-10-26 16:04:16.087  INFO 17244 --- [ool-2-thread-49] tourGuide.service.RewardsService         :  ----> Launch calculateRewards
2021-10-26 16:04:16.100  INFO 17244 --- [ool-2-thread-20] tourGuide.service.RewardsService         :  ----> Launch calculateRewards
2021-10-26 16:04:16.100  INFO 17244 --- [ool-2-thread-17] tourGuide.service.RewardsService         :  ----> Launch calculateRewards
2021-10-26 16:04:16.100  INFO 17244 --- [pool-2-thread-1] tourGuide.service.RewardsService         :  ----> Launch calculateRewards
2021-10-26 16:04:16.100  INFO 17244 --- [ool-2-thread-72] tourGuide.service.RewardsService         :  ----> Launch calculateRewards
2021-10-26 16:04:16.100  INFO 17244 --- [ool-2-thread-96] tourGuide.service.RewardsService         :  ----> Launch calculateRewards
2021-10-26 16:04:16.100  INFO 17244 --- [ool-2-thread-79] tourGuide.service.RewardsService         :  ----> Launch calculateRewards
2021-10-26 16:04:16.100  INFO 17244 --- [ool-2-thread-12] tourGuide.service.RewardsService         :  ----> Launch calculateRewards
2021-10-26 16:04:16.101  INFO 17244 --- [ool-2-thread-44] tourGuide.service.RewardsService         :  ----> Launch calculateRewards
2021-10-26 16:04:16.100  INFO 17244 --- [ool-2-thread-71] tourGuide.service.RewardsService         :  ----> Launch calculateRewards
2021-10-26 16:04:16.113  INFO 17244 --- [ool-2-thread-97] tourGuide.service.RewardsService         :  ----> Launch calculateRewards
2021-10-26 16:04:16.114  INFO 17244 --- [ool-2-thread-66] tourGuide.service.RewardsService         :  ----> Launch calculateRewards
2021-10-26 16:04:16.114  INFO 17244 --- [ool-2-thread-51] tourGuide.service.RewardsService         :  ----> Launch calculateRewards
2021-10-26 16:04:16.116  INFO 17244 --- [ool-2-thread-50] tourGuide.service.RewardsService         :  ----> Launch calculateRewards
2021-10-26 16:04:16.116  INFO 17244 --- [ool-2-thread-14] tourGuide.service.RewardsService         :  ----> Launch calculateRewards
2021-10-26 16:04:16.117  INFO 17244 --- [ool-2-thread-47] tourGuide.service.RewardsService         :  ----> Launch calculateRewards
2021-10-26 16:04:16.117  INFO 17244 --- [ool-2-thread-61] tourGuide.service.RewardsService         :  ----> Launch calculateRewards
2021-10-26 16:04:16.118  INFO 17244 --- [ool-2-thread-22] tourGuide.service.RewardsService         :  ----> Launch calculateRewards
2021-10-26 16:04:16.118  INFO 17244 --- [ool-2-thread-10] tourGuide.service.RewardsService         :  ----> Launch calculateRewards
2021-10-26 16:04:16.118  INFO 17244 --- [ool-2-thread-37] tourGuide.service.RewardsService         :  ----> Launch calculateRewards
2021-10-26 16:04:16.118  INFO 17244 --- [ool-2-thread-68] tourGuide.service.RewardsService         :  ----> Launch calculateRewards
2021-10-26 16:04:16.119  INFO 17244 --- [ool-2-thread-60] tourGuide.service.RewardsService         :  ----> Launch calculateRewards
2021-10-26 16:04:16.120  INFO 17244 --- [ool-2-thread-55] tourGuide.service.RewardsService         :  ----> Launch calculateRewards
2021-10-26 16:04:16.120  INFO 17244 --- [ool-2-thread-15] tourGuide.service.RewardsService         :  ----> Launch calculateRewards
2021-10-26 16:04:16.121  INFO 17244 --- [ool-2-thread-62] tourGuide.service.RewardsService         :  ----> Launch calculateRewards
2021-10-26 16:04:16.121  INFO 17244 --- [ool-2-thread-80] tourGuide.service.RewardsService         :  ----> Launch calculateRewards
2021-10-26 16:04:16.123  INFO 17244 --- [ool-2-thread-87] tourGuide.service.RewardsService         :  ----> Launch calculateRewards
2021-10-26 16:04:16.138  INFO 17244 --- [ool-2-thread-83] tourGuide.service.RewardsService         :  ----> Launch calculateRewards
- User --- addUserReward -
- User --- addUserReward -> on ajoute le userReward
- User --- addUserReward -> attrationName: Disneyland
- User --- addUserReward -
- User --- addUserReward -> on ajoute le userReward
- User --- addUserReward -> attrationName: Disneyland
2021-10-26 16:04:16.163  INFO 17244 --- [ool-2-thread-78] tourGuide.service.RewardsService         :  ----> Launch calculateRewards
2021-10-26 16:04:16.162  INFO 17244 --- [ool-2-thread-93] tourGuide.service.RewardsService         :  ----> Launch calculateRewards
2021-10-26 16:04:16.162  INFO 17244 --- [ool-2-thread-98] tourGuide.service.RewardsService         :  ----> Launch calculateRewards
2021-10-26 16:04:16.163  INFO 17244 --- [ool-2-thread-92] tourGuide.service.RewardsService         :  ----> Launch calculateRewards
2021-10-26 16:04:16.181  INFO 17244 --- [ol-2-thread-102] tourGuide.service.RewardsService         :  ----> Launch calculateRewards
- User --- addUserReward -
- User --- addUserReward -> on ajoute le userReward
- User --- addUserReward -> attrationName: Disneyland
2021-10-26 16:04:16.183  INFO 17244 --- [ool-2-thread-19] tourGuide.service.RewardsService         :  ----> Launch calculateRewards
2021-10-26 16:04:16.183  INFO 17244 --- [ool-2-thread-86] tourGuide.service.RewardsService         :  ----> Launch calculateRewards
- User --- addUserReward -
- User --- addUserReward -> on ajoute le userReward
- User --- addUserReward -> attrationName: Disneyland
2021-10-26 16:04:16.183  INFO 17244 --- [ool-2-thread-89] tourGuide.service.RewardsService         :  ----> Launch calculateRewards
- User --- addUserReward -
- User --- addUserReward -> on ajoute le userReward
- User --- addUserReward -> attrationName: Disneyland
- User --- addUserReward -
- User --- addUserReward -> on ajoute le userReward
- User --- addUserReward -> attrationName: Disneyland
- User --- addUserReward -
- User --- addUserReward -
- User --- addUserReward -> on ajoute le userReward
- User --- addUserReward -> attrationName: Disneyland
- User --- addUserReward -> on ajoute le userReward
- User --- addUserReward -> attrationName: Disneyland
- User --- addUserReward -
- User --- addUserReward -> on ajoute le userReward
- User --- addUserReward -> attrationName: Disneyland
- User --- addUserReward -
- User --- addUserReward -> on ajoute le userReward
- User --- addUserReward -> attrationName: Disneyland
- User --- addUserReward -
- User --- addUserReward -> on ajoute le userReward
- User --- addUserReward -> attrationName: Disneyland
- User --- addUserReward -
- User --- addUserReward -> on ajoute le userReward
- User --- addUserReward -> attrationName: Disneyland
- User --- addUserReward -
- User --- addUserReward -> on ajoute le userReward
- User --- addUserReward -> attrationName: Disneyland
- User --- addUserReward -
- User --- addUserReward -> on ajoute le userReward
- User --- addUserReward -> attrationName: Disneyland
- User --- addUserReward -
- User --- addUserReward -> on ajoute le userReward
- User --- addUserReward -> attrationName: Disneyland
- User --- addUserReward -
- User --- addUserReward -> on ajoute le userReward
- User --- addUserReward -> attrationName: Disneyland
- User --- addUserReward -
- User --- addUserReward -> on ajoute le userReward
- User --- addUserReward -> attrationName: Roger Dean Stadium
- User --- addUserReward -
- User --- addUserReward -> on ajoute le userReward
- User --- addUserReward -> attrationName: Jackson Hole
- User --- addUserReward -
- User --- addUserReward -
- User --- addUserReward -> on ajoute le userReward
- User --- addUserReward -> attrationName: Disneyland
- User --- addUserReward -> on ajoute le userReward
- User --- addUserReward -> attrationName: Buffalo National River
- User --- addUserReward -
- User --- addUserReward -> on ajoute le userReward
- User --- addUserReward -> attrationName: Disneyland
- User --- addUserReward -
- User --- addUserReward -> on ajoute le userReward
- User --- addUserReward -> attrationName: Jackson Hole
- User --- addUserReward -
- User --- addUserReward -> on ajoute le userReward
- User --- addUserReward -> attrationName: Hot Springs National Park
- User --- addUserReward -
- User --- addUserReward -> on ajoute le userReward
- User --- addUserReward -> attrationName: Fallingwater
- User --- addUserReward -
- User --- addUserReward -> on ajoute le userReward
- User --- addUserReward -> attrationName: Disneyland
- User --- addUserReward -
- User --- addUserReward -> on ajoute le userReward
- User --- addUserReward -> attrationName: Disneyland
- User --- addUserReward -
- User --- addUserReward -> on ajoute le userReward
- User --- addUserReward -> attrationName: Disneyland
- User --- addUserReward -
- User --- addUserReward -> on ajoute le userReward
- User --- addUserReward -> attrationName: Mojave National Preserve
- User --- addUserReward -
- User --- addUserReward -> on ajoute le userReward
- User --- addUserReward -> attrationName: Disneyland
- User --- addUserReward -
- User --- addUserReward -> on ajoute le userReward
- User --- addUserReward -> attrationName: Disneyland
- User --- addUserReward -
- User --- addUserReward -> on ajoute le userReward
- User --- addUserReward -> attrationName: Texas Memorial Stadium
- User --- addUserReward -
- User --- addUserReward -> on ajoute le userReward
- User --- addUserReward -> attrationName: Jackson Hole
- User --- addUserReward -
- User --- addUserReward -> on ajoute le userReward
- User --- addUserReward -> attrationName: Disneyland
- User --- addUserReward -
- User --- addUserReward -> on ajoute le userReward
- User --- addUserReward -> attrationName: Mojave National Preserve
- User --- addUserReward -
- User --- addUserReward -> on ajoute le userReward
- User --- addUserReward -> attrationName: Union Station
- User --- addUserReward -
- User --- addUserReward -> on ajoute le userReward
- User --- addUserReward -> attrationName: Disneyland
- User --- addUserReward -
- User --- addUserReward -> on ajoute le userReward
- User --- addUserReward -> attrationName: Disneyland
- User --- addUserReward -
- User --- addUserReward -> on ajoute le userReward
- User --- addUserReward -> attrationName: Disneyland
- User --- addUserReward -
- User --- addUserReward -> on ajoute le userReward
- User --- addUserReward -> attrationName: Disneyland
- User --- addUserReward -
- User --- addUserReward -> on ajoute le userReward
- User --- addUserReward -> attrationName: Disneyland
- User --- addUserReward -
- User --- addUserReward -> on ajoute le userReward
- User --- addUserReward -> attrationName: Disneyland
- User --- addUserReward -
- User --- addUserReward -> on ajoute le userReward
- User --- addUserReward -> attrationName: Disneyland
- User --- addUserReward -
- User --- addUserReward -> on ajoute le userReward
- User --- addUserReward -> attrationName: Jackson Hole
- User --- addUserReward -
- User --- addUserReward -> on ajoute le userReward
- User --- addUserReward -> attrationName: Disneyland
- User --- addUserReward -
- User --- addUserReward -> on ajoute le userReward
- User --- addUserReward -> attrationName: Disneyland
- User --- addUserReward -
- User --- addUserReward -> on ajoute le userReward
- User --- addUserReward -> attrationName: Disneyland
- User --- addUserReward -
- User --- addUserReward -> on ajoute le userReward
- User --- addUserReward -> attrationName: Disneyland
- User --- addUserReward -
- User --- addUserReward -> on ajoute le userReward
- User --- addUserReward -> attrationName: Disneyland
- User --- addUserReward -
- User --- addUserReward -> on ajoute le userReward
- User --- addUserReward -> attrationName: Disneyland
- User --- addUserReward -
- User --- addUserReward -> on ajoute le userReward
- User --- addUserReward -> attrationName: Jackson Hole
- User --- addUserReward -
- User --- addUserReward -> on ajoute le userReward
- User --- addUserReward -> attrationName: Disneyland
- User --- addUserReward -
- User --- addUserReward -> on ajoute le userReward
- User --- addUserReward -> attrationName: Disneyland
- User --- addUserReward -
- User --- addUserReward -> on ajoute le userReward
- User --- addUserReward -> attrationName: Disneyland
- User --- addUserReward -
- User --- addUserReward -> on ajoute le userReward
- User --- addUserReward -> attrationName: Disneyland
- User --- addUserReward -
- User --- addUserReward -> on ajoute le userReward
- User --- addUserReward -> attrationName: Disneyland
- User --- addUserReward -
- User --- addUserReward -> on ajoute le userReward
- User --- addUserReward -> attrationName: Jackson Hole
- User --- addUserReward -
- User --- addUserReward -> on ajoute le userReward
- User --- addUserReward -> attrationName: Disneyland
- User --- addUserReward -
- User --- addUserReward -> on ajoute le userReward
- User --- addUserReward -> attrationName: Jackson Hole
- User --- addUserReward -
- User --- addUserReward -> on ajoute le userReward
- User --- addUserReward -> attrationName: Roger Dean Stadium
- User --- addUserReward -
- User --- addUserReward -> on ajoute le userReward
- User --- addUserReward -> attrationName: Disneyland
- User --- addUserReward -
- User --- addUserReward -> on ajoute le userReward
- User --- addUserReward -> attrationName: Disneyland
- User --- addUserReward -
- User --- addUserReward -> on ajoute le userReward
- User --- addUserReward -> attrationName: Disneyland
- User --- addUserReward -
- User --- addUserReward -> on ajoute le userReward
- User --- addUserReward -> attrationName: Disneyland
- User --- addUserReward -
- User --- addUserReward -> on ajoute le userReward
- User --- addUserReward -> attrationName: Jackson Hole
- User --- addUserReward -
- User --- addUserReward -
- User --- addUserReward -> on ajoute le userReward
- User --- addUserReward -> attrationName: Disneyland
- User --- addUserReward -> on ajoute le userReward
- User --- addUserReward -> attrationName: Jackson Hole
- User --- addUserReward -
- User --- addUserReward -> on ajoute le userReward
- User --- addUserReward -> attrationName: Jackson Hole
- User --- addUserReward -
- User --- addUserReward -> on ajoute le userReward
- User --- addUserReward -> attrationName: Disneyland
- User --- addUserReward -
- User --- addUserReward -> on ajoute le userReward
- User --- addUserReward -> attrationName: Disneyland
- User --- addUserReward -
- User --- addUserReward -> on ajoute le userReward
- User --- addUserReward -> attrationName: Disneyland
- User --- addUserReward -
- User --- addUserReward -> on ajoute le userReward
- User --- addUserReward -> attrationName: Kartchner Caverns State Park
- User --- addUserReward -
- User --- addUserReward -> on ajoute le userReward
- User --- addUserReward -> attrationName: Disneyland
- User --- addUserReward -
- User --- addUserReward -> on ajoute le userReward
- User --- addUserReward -> attrationName: Disneyland
- User --- addUserReward -
- User --- addUserReward -> on ajoute le userReward
- User --- addUserReward -> attrationName: Mojave National Preserve
- User --- addUserReward -
- User --- addUserReward -
- User --- addUserReward -> on ajoute le userReward
- User --- addUserReward -> attrationName: Jackson Hole
- User --- addUserReward -> on ajoute le userReward
- User --- addUserReward -> attrationName: Jackson Hole
- User --- addUserReward -
- User --- addUserReward -> on ajoute le userReward
- User --- addUserReward -> attrationName: Jackson Hole
- User --- addUserReward -
- User --- addUserReward -> on ajoute le userReward
- User --- addUserReward -> attrationName: Disneyland
- User --- addUserReward -
- User --- addUserReward -> on ajoute le userReward
- User --- addUserReward -> attrationName: Disneyland
- User --- addUserReward -
- User --- addUserReward -> on ajoute le userReward
- User --- addUserReward -> attrationName: Jackson Hole
- User --- addUserReward -
- User --- addUserReward -> on ajoute le userReward
- User --- addUserReward -> attrationName: Jackson Hole
- User --- addUserReward -
- User --- addUserReward -> on ajoute le userReward
- User --- addUserReward -> attrationName: Disneyland
- User --- addUserReward -
- User --- addUserReward -> on ajoute le userReward
- User --- addUserReward -> attrationName: Disneyland
- User --- addUserReward -
- User --- addUserReward -> on ajoute le userReward
- User --- addUserReward -> attrationName: Joshua Tree National Park
- User --- addUserReward -
- User --- addUserReward -> on ajoute le userReward
- User --- addUserReward -> attrationName: Joshua Tree National Park
- User --- addUserReward -
- User --- addUserReward -
- User --- addUserReward -> on ajoute le userReward
- User --- addUserReward -> on ajoute le userReward
- User --- addUserReward -> attrationName: Mojave National Preserve
- User --- addUserReward -> attrationName: Joshua Tree National Park
- User --- addUserReward -
- User --- addUserReward -> on ajoute le userReward
- User --- addUserReward -> attrationName: Disneyland
- User --- addUserReward -
- User --- addUserReward -> on ajoute le userReward
- User --- addUserReward -> attrationName: Mojave National Preserve
- User --- addUserReward -
- User --- addUserReward -> on ajoute le userReward
- User --- addUserReward -> attrationName: Disneyland
- User --- addUserReward -
- User --- addUserReward -> on ajoute le userReward
- User --- addUserReward -> attrationName: Disneyland
- User --- addUserReward -
- User --- addUserReward -> on ajoute le userReward
- User --- addUserReward -> attrationName: Jackson Hole
- User --- addUserReward -
- User --- addUserReward -> on ajoute le userReward
- User --- addUserReward -> attrationName: Disneyland
- User --- addUserReward -
- User --- addUserReward -> on ajoute le userReward
- User --- addUserReward -> attrationName: Jackson Hole
- User --- addUserReward -
- User --- addUserReward -> on ajoute le userReward
- User --- addUserReward -> attrationName: Fallingwater
- User --- addUserReward -
- User --- addUserReward -> on ajoute le userReward
- User --- addUserReward -> attrationName: Disneyland
- User --- addUserReward -
- User --- addUserReward -> on ajoute le userReward
- User --- addUserReward -> attrationName: Jackson Hole
- User --- addUserReward -
- User --- addUserReward -> on ajoute le userReward
- User --- addUserReward -> attrationName: Buffalo National River
- User --- addUserReward -
- User --- addUserReward -> on ajoute le userReward
- User --- addUserReward -> attrationName: Disneyland
- User --- addUserReward -
- User --- addUserReward -> on ajoute le userReward
- User --- addUserReward -> attrationName: Disneyland
- User --- addUserReward -
- User --- addUserReward -> on ajoute le userReward
- User --- addUserReward -
- User --- addUserReward -> attrationName: Jackson Hole
- User --- addUserReward -> on ajoute le userReward
- User --- addUserReward -> attrationName: Jackson Hole
- User --- addUserReward -
- User --- addUserReward -> on ajoute le userReward
- User --- addUserReward -> attrationName: Jackson Hole
- User --- addUserReward -
- User --- addUserReward -> on ajoute le userReward
- User --- addUserReward -> attrationName: Disneyland
- User --- addUserReward -
- User --- addUserReward -> on ajoute le userReward
- User --- addUserReward -> attrationName: Disneyland
- User --- addUserReward -
- User --- addUserReward -> on ajoute le userReward
- User --- addUserReward -> attrationName: Mojave National Preserve
- User --- addUserReward -
- User --- addUserReward -> on ajoute le userReward
- User --- addUserReward -> attrationName: Jackson Hole
- User --- addUserReward -
- User --- addUserReward -> on ajoute le userReward
- User --- addUserReward -> attrationName: Disneyland
- User --- addUserReward -
- User --- addUserReward -> on ajoute le userReward
- User --- addUserReward -> attrationName: Jackson Hole
- User --- addUserReward -
- User --- addUserReward -> on ajoute le userReward
- User --- addUserReward -> attrationName: Texas Memorial Stadium
- User --- addUserReward -
- User --- addUserReward -> on ajoute le userReward
- User --- addUserReward -> attrationName: Jackson Hole
- User --- addUserReward -
- User --- addUserReward -> on ajoute le userReward
- User --- addUserReward -> attrationName: Jackson Hole
- User --- addUserReward -
- User --- addUserReward -> on ajoute le userReward
- User --- addUserReward -> attrationName: Disneyland
- User --- addUserReward -
- User --- addUserReward -> on ajoute le userReward
- User --- addUserReward -> attrationName: Jackson Hole
- User --- addUserReward -
- User --- addUserReward -> on ajoute le userReward
- User --- addUserReward -> attrationName: Legend Valley
- User --- addUserReward -
- User --- addUserReward -> on ajoute le userReward
- User --- addUserReward -> attrationName: Disneyland
- User --- addUserReward -
- User --- addUserReward -> on ajoute le userReward
- User --- addUserReward -> attrationName: Disneyland
- User --- addUserReward -
- User --- addUserReward -> on ajoute le userReward
- User --- addUserReward -> attrationName: Jackson Hole
- User --- addUserReward -
- User --- addUserReward -> on ajoute le userReward
- User --- addUserReward -> attrationName: Jackson Hole
- User --- addUserReward -
- User --- addUserReward -> on ajoute le userReward
- User --- addUserReward -> attrationName: Disneyland
- User --- addUserReward -
- User --- addUserReward -> on ajoute le userReward
- User --- addUserReward -> attrationName: Disneyland
- User --- addUserReward -
- User --- addUserReward -> on ajoute le userReward
- User --- addUserReward -> attrationName: Flowers Bakery of London
- User --- addUserReward -
- User --- addUserReward -> on ajoute le userReward
- User --- addUserReward -> attrationName: Jackson Hole
- User --- addUserReward -
- User --- addUserReward -> on ajoute le userReward
- User --- addUserReward -> attrationName: Disneyland
- User --- addUserReward -
- User --- addUserReward -> on ajoute le userReward
- User --- addUserReward -> attrationName: Disneyland
- User --- addUserReward -
- User --- addUserReward -> on ajoute le userReward
- User --- addUserReward -> attrationName: Jackson Hole
- User --- addUserReward -
- User --- addUserReward -> on ajoute le userReward
- User --- addUserReward -> attrationName: Disneyland
- User --- addUserReward -
- User --- addUserReward -> on ajoute le userReward
- User --- addUserReward -> attrationName: Disneyland
- User --- addUserReward -
- User --- addUserReward -> on ajoute le userReward
- User --- addUserReward -> attrationName: Jackson Hole
- User --- addUserReward -
- User --- addUserReward -
- User --- addUserReward -> on ajoute le userReward
- User --- addUserReward -> attrationName: Mojave National Preserve
- User --- addUserReward -> on ajoute le userReward
- User --- addUserReward -> attrationName: Jackson Hole
- User --- addUserReward -
- User --- addUserReward -> on ajoute le userReward
- User --- addUserReward -> attrationName: Jackson Hole
- User --- addUserReward -
- User --- addUserReward -> on ajoute le userReward
- User --- addUserReward -> attrationName: Disneyland
- User --- addUserReward -
- User --- addUserReward -> on ajoute le userReward
- User --- addUserReward -> attrationName: Mojave National Preserve
- User --- addUserReward -
- User --- addUserReward -> on ajoute le userReward
- User --- addUserReward -> attrationName: Jackson Hole
- User --- addUserReward -
- User --- addUserReward -> on ajoute le userReward
- User --- addUserReward -> attrationName: Disneyland
- User --- addUserReward -
- User --- addUserReward -> on ajoute le userReward
- User --- addUserReward -> attrationName: Disneyland
- User --- addUserReward -
- User --- addUserReward -> on ajoute le userReward
- User --- addUserReward -> attrationName: Joshua Tree National Park
- User --- addUserReward -
- User --- addUserReward -> on ajoute le userReward
- User --- addUserReward -> attrationName: Joshua Tree National Park
- User --- addUserReward -
- User --- addUserReward -> on ajoute le userReward
- User --- addUserReward -> attrationName: Mojave National Preserve
- User --- addUserReward -
- User --- addUserReward -> on ajoute le userReward
- User --- addUserReward -> attrationName: Mojave National Preserve
- User --- addUserReward -
- User --- addUserReward -> on ajoute le userReward
- User --- addUserReward -> attrationName: Disneyland
- User --- addUserReward -
- User --- addUserReward -> on ajoute le userReward
- User --- addUserReward -> attrationName: Disneyland
- User --- addUserReward -
- User --- addUserReward -> on ajoute le userReward
- User --- addUserReward -> attrationName: Jackson Hole
- User --- addUserReward -
- User --- addUserReward -> on ajoute le userReward
- User --- addUserReward -> attrationName: Jackson Hole
- User --- addUserReward -
- User --- addUserReward -> on ajoute le userReward
- User --- addUserReward -> attrationName: Buffalo National River
- User --- addUserReward -
- User --- addUserReward -> on ajoute le userReward
- User --- addUserReward -> attrationName: Buffalo National River
- User --- addUserReward -
- User --- addUserReward -> on ajoute le userReward
- User --- addUserReward -> attrationName: Disneyland
- User --- addUserReward -
- User --- addUserReward -> on ajoute le userReward
- User --- addUserReward -> attrationName: Jackson Hole
- User --- addUserReward -
- User --- addUserReward -> on ajoute le userReward
- User --- addUserReward -> attrationName: Mojave National Preserve
- User --- addUserReward -
- User --- addUserReward -> on ajoute le userReward
- User --- addUserReward -> attrationName: Disneyland
- User --- addUserReward -
- User --- addUserReward -> on ajoute le userReward
- User --- addUserReward -> attrationName: Bryant-Denny Stadium
- User --- addUserReward -
- User --- addUserReward -> on ajoute le userReward
- User --- addUserReward -> attrationName: Jackson Hole
- User --- addUserReward -
- User --- addUserReward -> on ajoute le userReward
- User --- addUserReward -> attrationName: Jackson Hole
- User --- addUserReward -
- User --- addUserReward -> on ajoute le userReward
- User --- addUserReward -> attrationName: Jackson Hole
- User --- addUserReward -
- User --- addUserReward -> on ajoute le userReward
- User --- addUserReward -> attrationName: Disneyland
- User --- addUserReward -
- User --- addUserReward -> on ajoute le userReward
- User --- addUserReward -> attrationName: Disneyland
- User --- addUserReward -
- User --- addUserReward -> on ajoute le userReward
- User --- addUserReward -> attrationName: Disneyland
- User --- addUserReward -
- User --- addUserReward -> on ajoute le userReward
- User --- addUserReward -> attrationName: Disneyland
- User --- addUserReward -
- User --- addUserReward -> on ajoute le userReward
- User --- addUserReward -> attrationName: Mojave National Preserve
- User --- addUserReward -
- User --- addUserReward -> on ajoute le userReward
- User --- addUserReward -> attrationName: Buffalo National River
- User --- addUserReward -
- User --- addUserReward -> on ajoute le userReward
- User --- addUserReward -> attrationName: Mojave National Preserve
- User --- addUserReward -
- User --- addUserReward -> on ajoute le userReward
- User --- addUserReward -> attrationName: Disneyland
- User --- addUserReward -
- User --- addUserReward -> on ajoute le userReward
- User --- addUserReward -> attrationName: Jackson Hole
- User --- addUserReward -
- User --- addUserReward -> on ajoute le userReward
- User --- addUserReward -> attrationName: Jackson Hole
- User --- addUserReward -
- User --- addUserReward -> on ajoute le userReward
- User --- addUserReward -> attrationName: Disneyland
- User --- addUserReward -
- User --- addUserReward -> on ajoute le userReward
- User --- addUserReward -> attrationName: Jackson Hole
- User --- addUserReward -
- User --- addUserReward -> on ajoute le userReward
- User --- addUserReward -> attrationName: Jackson Hole
- User --- addUserReward -
- User --- addUserReward -
- User --- addUserReward -> on ajoute le userReward
- User --- addUserReward -> attrationName: Disneyland
- User --- addUserReward -> on ajoute le userReward
- User --- addUserReward -> attrationName: Jackson Hole
- User --- addUserReward -
- User --- addUserReward -> on ajoute le userReward
- User --- addUserReward -> attrationName: Mojave National Preserve
- User --- addUserReward -
- User --- addUserReward -> on ajoute le userReward
- User --- addUserReward -> attrationName: Mojave National Preserve
- User --- addUserReward -
- User --- addUserReward -> on ajoute le userReward
- User --- addUserReward -> attrationName: Jackson Hole
- User --- addUserReward -
- User --- addUserReward -> on ajoute le userReward
- User --- addUserReward -> attrationName: Jackson Hole
- User --- addUserReward -
- User --- addUserReward -> on ajoute le userReward
- User --- addUserReward -> attrationName: Disneyland
- User --- addUserReward -
- User --- addUserReward -> on ajoute le userReward
- User --- addUserReward -> attrationName: Mojave National Preserve
- User --- addUserReward -
- User --- addUserReward -> on ajoute le userReward
- User --- addUserReward -> attrationName: Hot Springs National Park
- User --- addUserReward -
- User --- addUserReward -> on ajoute le userReward
- User --- addUserReward -> attrationName: Disneyland
- User --- addUserReward -
- User --- addUserReward -> on ajoute le userReward
- User --- addUserReward -> attrationName: Mojave National Preserve
- User --- addUserReward -
- User --- addUserReward -> on ajoute le userReward
- User --- addUserReward -> attrationName: Mojave National Preserve
- User --- addUserReward -
- User --- addUserReward -> on ajoute le userReward
- User --- addUserReward -> attrationName: Jackson Hole
- User --- addUserReward -
- User --- addUserReward -> on ajoute le userReward
- User --- addUserReward -> attrationName: Jackson Hole
- User --- addUserReward -
- User --- addUserReward -
- User --- addUserReward -> on ajoute le userReward
- User --- addUserReward -> attrationName: Jackson Hole
- User --- addUserReward -> on ajoute le userReward
- User --- addUserReward -> attrationName: Mojave National Preserve
- User --- addUserReward -
- User --- addUserReward -> on ajoute le userReward
- User --- addUserReward -> attrationName: Disneyland
- User --- addUserReward -
- User --- addUserReward -> on ajoute le userReward
- User --- addUserReward -> attrationName: Disneyland
- User --- addUserReward -
- User --- addUserReward -> on ajoute le userReward
- User --- addUserReward -> attrationName: Texas Memorial Stadium
- User --- addUserReward -
- User --- addUserReward -> on ajoute le userReward
- User --- addUserReward -> attrationName: Jackson Hole
- User --- addUserReward -
- User --- addUserReward -> on ajoute le userReward
- User --- addUserReward -> attrationName: Jackson Hole
- User --- addUserReward -
- User --- addUserReward -
- User --- addUserReward -> on ajoute le userReward
- User --- addUserReward -> on ajoute le userReward
- User --- addUserReward -> attrationName: Jackson Hole
- User --- addUserReward -> attrationName: Disneyland
- User --- addUserReward -
- User --- addUserReward -> on ajoute le userReward
- User --- addUserReward -> attrationName: Joshua Tree National Park
- User --- addUserReward -
- User --- addUserReward -> on ajoute le userReward
- User --- addUserReward -> attrationName: Mojave National Preserve
- User --- addUserReward -
- User --- addUserReward -> on ajoute le userReward
- User --- addUserReward -> attrationName: Mojave National Preserve
- User --- addUserReward -
- User --- addUserReward -> on ajoute le userReward
- User --- addUserReward -> attrationName: McKinley Tower
- User --- addUserReward -
- User --- addUserReward -> on ajoute le userReward
- User --- addUserReward -> attrationName: Jackson Hole
- User --- addUserReward -
- User --- addUserReward -
- User --- addUserReward -> on ajoute le userReward
- User --- addUserReward -
- User --- addUserReward -> on ajoute le userReward
- User --- addUserReward -> on ajoute le userReward
- User --- addUserReward -> attrationName: Mojave National Preserve
- User --- addUserReward -> attrationName: Jackson Hole
- User --- addUserReward -> attrationName: Mojave National Preserve
- User --- addUserReward -
- User --- addUserReward -> on ajoute le userReward
- User --- addUserReward -> attrationName: Jackson Hole
- User --- addUserReward -
- User --- addUserReward -> on ajoute le userReward
- User --- addUserReward -> attrationName: Jackson Hole
- User --- addUserReward -
- User --- addUserReward -> on ajoute le userReward
- User --- addUserReward -> attrationName: Hot Springs National Park
- User --- addUserReward -
- User --- addUserReward -> on ajoute le userReward
- User --- addUserReward -> attrationName: Mojave National Preserve
- User --- addUserReward -
- User --- addUserReward -> on ajoute le userReward
- User --- addUserReward -
- User --- addUserReward -> attrationName: Joshua Tree National Park
- User --- addUserReward -> on ajoute le userReward
- User --- addUserReward -> attrationName: Jackson Hole
- User --- addUserReward -
- User --- addUserReward -> on ajoute le userReward
- User --- addUserReward -> attrationName: Mojave National Preserve
- User --- addUserReward -
- User --- addUserReward -> on ajoute le userReward
- User --- addUserReward -> attrationName: Jackson Hole
- User --- addUserReward -
- User --- addUserReward -> on ajoute le userReward
- User --- addUserReward -> attrationName: Joshua Tree National Park
- User --- addUserReward -
- User --- addUserReward -> on ajoute le userReward
- User --- addUserReward -
- User --- addUserReward -> attrationName: Jackson Hole
- User --- addUserReward -> on ajoute le userReward
- User --- addUserReward -> attrationName: Jackson Hole
- User --- addUserReward -
- User --- addUserReward -> on ajoute le userReward
- User --- addUserReward -> attrationName: Bryant-Denny Stadium
- User --- addUserReward -
- User --- addUserReward -> on ajoute le userReward
- User --- addUserReward -> attrationName: Mojave National Preserve
- User --- addUserReward -
- User --- addUserReward -> on ajoute le userReward
- User --- addUserReward -> attrationName: Mojave National Preserve
- User --- addUserReward -
- User --- addUserReward -> on ajoute le userReward
- User --- addUserReward -> attrationName: Jackson Hole
- User --- addUserReward -
- User --- addUserReward -> on ajoute le userReward
- User --- addUserReward -> attrationName: Mojave National Preserve
- User --- addUserReward -
- User --- addUserReward -> on ajoute le userReward
- User --- addUserReward -> attrationName: Mojave National Preserve
- User --- addUserReward -
- User --- addUserReward -> on ajoute le userReward
- User --- addUserReward -> attrationName: Jackson Hole
- User --- addUserReward -
- User --- addUserReward -> on ajoute le userReward
- User --- addUserReward -> attrationName: Jackson Hole
- User --- addUserReward -
- User --- addUserReward -> on ajoute le userReward
- User --- addUserReward -> attrationName: Mojave National Preserve
- User --- addUserReward -
- User --- addUserReward -> on ajoute le userReward
- User --- addUserReward -> attrationName: Jackson Hole
- User --- addUserReward -
- User --- addUserReward -> on ajoute le userReward
- User --- addUserReward -> attrationName: Mojave National Preserve
- User --- addUserReward -
- User --- addUserReward -> on ajoute le userReward
- User --- addUserReward -> attrationName: Joshua Tree National Park
- User --- addUserReward -
- User --- addUserReward -> on ajoute le userReward
- User --- addUserReward -> attrationName: Jackson Hole
- User --- addUserReward -
- User --- addUserReward -> on ajoute le userReward
- User --- addUserReward -> attrationName: Jackson Hole
- User --- addUserReward -
- User --- addUserReward -> on ajoute le userReward
- User --- addUserReward -> attrationName: Joshua Tree National Park
- User --- addUserReward -
- User --- addUserReward -> on ajoute le userReward
- User --- addUserReward -> attrationName: Mojave National Preserve
- User --- addUserReward -
- User --- addUserReward -> on ajoute le userReward
- User --- addUserReward -> attrationName: Jackson Hole
- User --- addUserReward -
- User --- addUserReward -> on ajoute le userReward
- User --- addUserReward -> attrationName: Jackson Hole
- User --- addUserReward -
- User --- addUserReward -> on ajoute le userReward
- User --- addUserReward -> attrationName: Jackson Hole
- User --- addUserReward -
- User --- addUserReward -> on ajoute le userReward
- User --- addUserReward -> attrationName: Joshua Tree National Park
- User --- addUserReward -
- User --- addUserReward -> on ajoute le userReward
- User --- addUserReward -> attrationName: Joshua Tree National Park
- User --- addUserReward -
- User --- addUserReward -> on ajoute le userReward
- User --- addUserReward -> attrationName: Flatiron Building
- User --- addUserReward -
- User --- addUserReward -> on ajoute le userReward
- User --- addUserReward -> attrationName: Joshua Tree National Park
- User --- addUserReward -
- User --- addUserReward -
- User --- addUserReward -> on ajoute le userReward
- User --- addUserReward -> attrationName: Joshua Tree National Park
- User --- addUserReward -> on ajoute le userReward
- User --- addUserReward -> attrationName: Joshua Tree National Park
- User --- addUserReward -
- User --- addUserReward -> on ajoute le userReward
- User --- addUserReward -> attrationName: Joshua Tree National Park
- User --- addUserReward -
- User --- addUserReward -
- User --- addUserReward -> on ajoute le userReward
- User --- addUserReward -> on ajoute le userReward
- User --- addUserReward -> attrationName: Joshua Tree National Park
- User --- addUserReward -> attrationName: Jackson Hole
- User --- addUserReward -
- User --- addUserReward -> on ajoute le userReward
- User --- addUserReward -> attrationName: Mojave National Preserve
- User --- addUserReward -
- User --- addUserReward -> on ajoute le userReward
- User --- addUserReward -
- User --- addUserReward -> attrationName: Jackson Hole
- User --- addUserReward -> on ajoute le userReward
- User --- addUserReward -> attrationName: Jackson Hole
- User --- addUserReward -
- User --- addUserReward -> on ajoute le userReward
- User --- addUserReward -> attrationName: Mojave National Preserve
- User --- addUserReward -
- User --- addUserReward -> on ajoute le userReward
- User --- addUserReward -> attrationName: Joshua Tree National Park
- User --- addUserReward -
- User --- addUserReward -> on ajoute le userReward
- User --- addUserReward -> attrationName: Fallingwater
- User --- addUserReward -
- User --- addUserReward -> on ajoute le userReward
- User --- addUserReward -> attrationName: Jackson Hole
- User --- addUserReward -
- User --- addUserReward -> on ajoute le userReward
- User --- addUserReward -> attrationName: Mojave National Preserve
- User --- addUserReward -
- User --- addUserReward -> on ajoute le userReward
- User --- addUserReward -> attrationName: Jackson Hole
- User --- addUserReward -
- User --- addUserReward -> on ajoute le userReward
- User --- addUserReward -> attrationName: Mojave National Preserve
- User --- addUserReward -
- User --- addUserReward -> on ajoute le userReward
- User --- addUserReward -> attrationName: Jackson Hole
- User --- addUserReward -
- User --- addUserReward -> on ajoute le userReward
- User --- addUserReward -> attrationName: Mojave National Preserve
- User --- addUserReward -
- User --- addUserReward -> on ajoute le userReward
- User --- addUserReward -> attrationName: Jackson Hole
- User --- addUserReward -
- User --- addUserReward -> on ajoute le userReward
- User --- addUserReward -> attrationName: Mojave National Preserve
- User --- addUserReward -
- User --- addUserReward -> on ajoute le userReward
- User --- addUserReward -> attrationName: Mojave National Preserve
- User --- addUserReward -
- User --- addUserReward -> on ajoute le userReward
- User --- addUserReward -> attrationName: Mojave National Preserve
- User --- addUserReward -
- User --- addUserReward -> on ajoute le userReward
- User --- addUserReward -> attrationName: Buffalo National River
- User --- addUserReward -
- User --- addUserReward -> on ajoute le userReward
- User --- addUserReward -> attrationName: Mojave National Preserve
- User --- addUserReward -
- User --- addUserReward -> on ajoute le userReward
- User --- addUserReward -> attrationName: Joshua Tree National Park
- User --- addUserReward -
- User --- addUserReward -> on ajoute le userReward
- User --- addUserReward -> attrationName: Bryant-Denny Stadium
- User --- addUserReward -
- User --- addUserReward -> on ajoute le userReward
- User --- addUserReward -
- User --- addUserReward -> on ajoute le userReward
- User --- addUserReward -> attrationName: Jackson Hole
- User --- addUserReward -> attrationName: Buffalo National River
- User --- addUserReward -
- User --- addUserReward -> on ajoute le userReward
- User --- addUserReward -> attrationName: Mojave National Preserve
- User --- addUserReward -
- User --- addUserReward -> on ajoute le userReward
- User --- addUserReward -> attrationName: Jackson Hole
- User --- addUserReward -
- User --- addUserReward -> on ajoute le userReward
- User --- addUserReward -> attrationName: Mojave National Preserve
- User --- addUserReward -
- User --- addUserReward -> on ajoute le userReward
- User --- addUserReward -> attrationName: Mojave National Preserve
- User --- addUserReward -
- User --- addUserReward -> on ajoute le userReward
- User --- addUserReward -> attrationName: Mojave National Preserve
- User --- addUserReward -
- User --- addUserReward -> on ajoute le userReward
- User --- addUserReward -> attrationName: Mojave National Preserve
- User --- addUserReward -
- User --- addUserReward -> on ajoute le userReward
- User --- addUserReward -> attrationName: Buffalo National River
- User --- addUserReward -
- User --- addUserReward -> on ajoute le userReward
- User --- addUserReward -> attrationName: Mojave National Preserve
- User --- addUserReward -
- User --- addUserReward -> on ajoute le userReward
- User --- addUserReward -> attrationName: Mojave National Preserve
- User --- addUserReward -
- User --- addUserReward -> on ajoute le userReward
- User --- addUserReward -> attrationName: Joshua Tree National Park
- User --- addUserReward -
- User --- addUserReward -> on ajoute le userReward
- User --- addUserReward -> attrationName: Mojave National Preserve
- User --- addUserReward -
- User --- addUserReward -> on ajoute le userReward
- User --- addUserReward -> attrationName: Jackson Hole
- User --- addUserReward -
- User --- addUserReward -> on ajoute le userReward
- User --- addUserReward -> attrationName: Jackson Hole
- User --- addUserReward -
- User --- addUserReward -> on ajoute le userReward
- User --- addUserReward -> attrationName: Mojave National Preserve
- User --- addUserReward -
- User --- addUserReward -> on ajoute le userReward
- User --- addUserReward -> attrationName: Jackson Hole
- User --- addUserReward -
- User --- addUserReward -> on ajoute le userReward
- User --- addUserReward -> attrationName: Mojave National Preserve
- User --- addUserReward -
- User --- addUserReward -> on ajoute le userReward
- User --- addUserReward -> attrationName: Mojave National Preserve
- User --- addUserReward -
- User --- addUserReward -> on ajoute le userReward
- User --- addUserReward -> attrationName: Hot Springs National Park
- User --- addUserReward -
- User --- addUserReward -> on ajoute le userReward
- User --- addUserReward -> attrationName: Joshua Tree National Park
- User --- addUserReward -
- User --- addUserReward -> on ajoute le userReward
- User --- addUserReward -> attrationName: Jackson Hole
- User --- addUserReward -
- User --- addUserReward -> on ajoute le userReward
- User --- addUserReward -> attrationName: Joshua Tree National Park
- User --- addUserReward -
- User --- addUserReward -> on ajoute le userReward
- User --- addUserReward -> attrationName: Mojave National Preserve
- User --- addUserReward -
- User --- addUserReward -> on ajoute le userReward
- User --- addUserReward -> attrationName: Jackson Hole
- User --- addUserReward -
- User --- addUserReward -
- User --- addUserReward -> on ajoute le userReward
- User --- addUserReward -> attrationName: Mojave National Preserve
- User --- addUserReward -> on ajoute le userReward
- User --- addUserReward -> attrationName: Buffalo National River
- User --- addUserReward -
- User --- addUserReward -> on ajoute le userReward
- User --- addUserReward -> attrationName: Joshua Tree National Park
- User --- addUserReward -
- User --- addUserReward -> on ajoute le userReward
- User --- addUserReward -> attrationName: Jackson Hole
- User --- addUserReward -
- User --- addUserReward -> on ajoute le userReward
- User --- addUserReward -> attrationName: Joshua Tree National Park
- User --- addUserReward -
- User --- addUserReward -> on ajoute le userReward
- User --- addUserReward -> attrationName: Mojave National Preserve
- User --- addUserReward -
- User --- addUserReward -
- User --- addUserReward -> on ajoute le userReward
- User --- addUserReward -> attrationName: Mojave National Preserve
- User --- addUserReward -> on ajoute le userReward
- User --- addUserReward -> attrationName: Mojave National Preserve
- User --- addUserReward -
- User --- addUserReward -> on ajoute le userReward
- User --- addUserReward -
- User --- addUserReward -> attrationName: Buffalo National River
- User --- addUserReward -> on ajoute le userReward
- User --- addUserReward -> attrationName: Jackson Hole
- User --- addUserReward -
- User --- addUserReward -> on ajoute le userReward
- User --- addUserReward -> attrationName: Kartchner Caverns State Park
- User --- addUserReward -
- User --- addUserReward -> on ajoute le userReward
- User --- addUserReward -> attrationName: Jackson Hole
- User --- addUserReward -
- User --- addUserReward -
- User --- addUserReward -> on ajoute le userReward
- User --- addUserReward -> on ajoute le userReward
- User --- addUserReward -> attrationName: Buffalo National River
- User --- addUserReward -> attrationName: Jackson Hole
- User --- addUserReward -
- User --- addUserReward -> on ajoute le userReward
- User --- addUserReward -> attrationName: Joshua Tree National Park
- User --- addUserReward -
- User --- addUserReward -> on ajoute le userReward
- User --- addUserReward -> attrationName: Mojave National Preserve
- User --- addUserReward -
- User --- addUserReward -> on ajoute le userReward
- User --- addUserReward -> attrationName: Joshua Tree National Park
- User --- addUserReward -
- User --- addUserReward -> on ajoute le userReward
- User --- addUserReward -> attrationName: Mojave National Preserve
- User --- addUserReward -
- User --- addUserReward -> on ajoute le userReward
- User --- addUserReward -> attrationName: Joshua Tree National Park
- User --- addUserReward -
- User --- addUserReward -> on ajoute le userReward
- User --- addUserReward -> attrationName: Mojave National Preserve
- User --- addUserReward -
- User --- addUserReward -> on ajoute le userReward
- User --- addUserReward -> attrationName: Joshua Tree National Park
- User --- addUserReward -
- User --- addUserReward -> on ajoute le userReward
- User --- addUserReward -> attrationName: Mojave National Preserve
- User --- addUserReward -
- User --- addUserReward -> on ajoute le userReward
- User --- addUserReward -> attrationName: Jackson Hole
- User --- addUserReward -
- User --- addUserReward -> on ajoute le userReward
- User --- addUserReward -> attrationName: Hot Springs National Park
- User --- addUserReward -
- User --- addUserReward -> on ajoute le userReward
- User --- addUserReward -> attrationName: Joshua Tree National Park
- User --- addUserReward -
- User --- addUserReward -> on ajoute le userReward
- User --- addUserReward -> attrationName: Joshua Tree National Park
- User --- addUserReward -
- User --- addUserReward -> on ajoute le userReward
- User --- addUserReward -> attrationName: Jackson Hole
- User --- addUserReward -
- User --- addUserReward -> on ajoute le userReward
- User --- addUserReward -> attrationName: Hot Springs National Park
- User --- addUserReward -
- User --- addUserReward -> on ajoute le userReward
- User --- addUserReward -> attrationName: Joshua Tree National Park
- User --- addUserReward -
- User --- addUserReward -> on ajoute le userReward
- User --- addUserReward -> attrationName: Buffalo National River
- User --- addUserReward -
- User --- addUserReward -> on ajoute le userReward
- User --- addUserReward -> attrationName: Kartchner Caverns State Park
- User --- addUserReward -
- User --- addUserReward -> on ajoute le userReward
- User --- addUserReward -> attrationName: Mojave National Preserve
- User --- addUserReward -
- User --- addUserReward -> on ajoute le userReward
- User --- addUserReward -> attrationName: Joshua Tree National Park
- User --- addUserReward -
- User --- addUserReward -> on ajoute le userReward
- User --- addUserReward -> attrationName: Hot Springs National Park
- User --- addUserReward -
- User --- addUserReward -> on ajoute le userReward
- User --- addUserReward -> attrationName: Jackson Hole
- User --- addUserReward -
- User --- addUserReward -> on ajoute le userReward
- User --- addUserReward -> attrationName: Joshua Tree National Park
- User --- addUserReward -
- User --- addUserReward -> on ajoute le userReward
- User --- addUserReward -> attrationName: Joshua Tree National Park
- User --- addUserReward -
- User --- addUserReward -> on ajoute le userReward
- User --- addUserReward -> attrationName: Mojave National Preserve
- User --- addUserReward -
- User --- addUserReward -> on ajoute le userReward
- User --- addUserReward -> attrationName: Joshua Tree National Park
- User --- addUserReward -
- User --- addUserReward -> on ajoute le userReward
- User --- addUserReward -> attrationName: Joshua Tree National Park
- User --- addUserReward -
- User --- addUserReward -> on ajoute le userReward
- User --- addUserReward -> attrationName: Mojave National Preserve
- User --- addUserReward -
- User --- addUserReward -> on ajoute le userReward
- User --- addUserReward -> attrationName: Buffalo National River
- User --- addUserReward -
- User --- addUserReward -> on ajoute le userReward
- User --- addUserReward -> attrationName: Hot Springs National Park
- User --- addUserReward -
- User --- addUserReward -> on ajoute le userReward
- User --- addUserReward -> attrationName: Jackson Hole
- User --- addUserReward -
- User --- addUserReward -> on ajoute le userReward
- User --- addUserReward -> attrationName: Joshua Tree National Park
- User --- addUserReward -
- User --- addUserReward -> on ajoute le userReward
- User --- addUserReward -> attrationName: Buffalo National River
- User --- addUserReward -
- User --- addUserReward -> on ajoute le userReward
- User --- addUserReward -> attrationName: Joshua Tree National Park
- User --- addUserReward -
- User --- addUserReward -> on ajoute le userReward
- User --- addUserReward -> attrationName: Mojave National Preserve
- User --- addUserReward -
- User --- addUserReward -> on ajoute le userReward
- User --- addUserReward -> attrationName: Buffalo National River
- User --- addUserReward -
- User --- addUserReward -> on ajoute le userReward
- User --- addUserReward -> attrationName: Buffalo National River
- User --- addUserReward -
- User --- addUserReward -> on ajoute le userReward
- User --- addUserReward -> attrationName: Buffalo National River
- User --- addUserReward -
- User --- addUserReward -> on ajoute le userReward
- User --- addUserReward -> attrationName: Mojave National Preserve
- User --- addUserReward -
- User --- addUserReward -> on ajoute le userReward
- User --- addUserReward -> attrationName: Buffalo National River
- User --- addUserReward -
- User --- addUserReward -> on ajoute le userReward
- User --- addUserReward -> attrationName: Joshua Tree National Park
- User --- addUserReward -
- User --- addUserReward -> on ajoute le userReward
- User --- addUserReward -> attrationName: Tiger Stadium
- User --- addUserReward -
- User --- addUserReward -> on ajoute le userReward
- User --- addUserReward -> attrationName: Joshua Tree National Park
- User --- addUserReward -
- User --- addUserReward -> on ajoute le userReward
- User --- addUserReward -> attrationName: Mojave National Preserve
- User --- addUserReward -
- User --- addUserReward -> on ajoute le userReward
- User --- addUserReward -> attrationName: Kartchner Caverns State Park
- User --- addUserReward -
- User --- addUserReward -> on ajoute le userReward
- User --- addUserReward -> attrationName: Buffalo National River
- User --- addUserReward -
- User --- addUserReward -> on ajoute le userReward
- User --- addUserReward -> attrationName: Joshua Tree National Park
- User --- addUserReward -
- User --- addUserReward -> on ajoute le userReward
- User --- addUserReward -> attrationName: Joshua Tree National Park
- User --- addUserReward -
- User --- addUserReward -> on ajoute le userReward
- User --- addUserReward -> attrationName: Buffalo National River
- User --- addUserReward -
- User --- addUserReward -> on ajoute le userReward
- User --- addUserReward -> attrationName: Mojave National Preserve
- User --- addUserReward -
- User --- addUserReward -> on ajoute le userReward
- User --- addUserReward -> attrationName: Joshua Tree National Park
- User --- addUserReward -
- User --- addUserReward -> on ajoute le userReward
- User --- addUserReward -> attrationName: Buffalo National River
- User --- addUserReward -
- User --- addUserReward -
- User --- addUserReward -> on ajoute le userReward
- User --- addUserReward -> on ajoute le userReward
- User --- addUserReward -> attrationName: Buffalo National River
- User --- addUserReward -> attrationName: Mojave National Preserve
- User --- addUserReward -
- User --- addUserReward -> on ajoute le userReward
- User --- addUserReward -> attrationName: Mojave National Preserve
- User --- addUserReward -
- User --- addUserReward -> on ajoute le userReward
- User --- addUserReward -> attrationName: Jackson Hole
- User --- addUserReward -
- User --- addUserReward -> on ajoute le userReward
- User --- addUserReward -> attrationName: Buffalo National River
- User --- addUserReward -
- User --- addUserReward -> on ajoute le userReward
- User --- addUserReward -> attrationName: Buffalo National River
- User --- addUserReward -
- User --- addUserReward -> on ajoute le userReward
- User --- addUserReward -> attrationName: Joshua Tree National Park
- User --- addUserReward -
- User --- addUserReward -> on ajoute le userReward
- User --- addUserReward -> attrationName: Joshua Tree National Park
- User --- addUserReward -
- User --- addUserReward -> on ajoute le userReward
- User --- addUserReward -> attrationName: Buffalo National River
- User --- addUserReward -
- User --- addUserReward -> on ajoute le userReward
- User --- addUserReward -> attrationName: Mojave National Preserve
- User --- addUserReward -
- User --- addUserReward -> on ajoute le userReward
- User --- addUserReward -> attrationName: Tiger Stadium
- User --- addUserReward -
- User --- addUserReward -> on ajoute le userReward
- User --- addUserReward -> attrationName: Mojave National Preserve
- User --- addUserReward -
- User --- addUserReward -> on ajoute le userReward
- User --- addUserReward -> attrationName: Mojave National Preserve
- User --- addUserReward -
- User --- addUserReward -> on ajoute le userReward
- User --- addUserReward -> attrationName: Mojave National Preserve
- User --- addUserReward -
- User --- addUserReward -> on ajoute le userReward
- User --- addUserReward -> attrationName: Mojave National Preserve
- User --- addUserReward -
- User --- addUserReward -> on ajoute le userReward
- User --- addUserReward -> attrationName: Hot Springs National Park
- User --- addUserReward -
- User --- addUserReward -> on ajoute le userReward
- User --- addUserReward -> attrationName: Joshua Tree National Park
- User --- addUserReward -
- User --- addUserReward -
- User --- addUserReward -> on ajoute le userReward
- User --- addUserReward -> attrationName: Joshua Tree National Park
- User --- addUserReward -> on ajoute le userReward
- User --- addUserReward -> attrationName: Mojave National Preserve
- User --- addUserReward -
- User --- addUserReward -> on ajoute le userReward
- User --- addUserReward -> attrationName: Jackson Hole
- User --- addUserReward -
- User --- addUserReward -> on ajoute le userReward
- User --- addUserReward -> attrationName: Jackson Hole
- User --- addUserReward -
- User --- addUserReward -> on ajoute le userReward
- User --- addUserReward -> attrationName: Hot Springs National Park
- User --- addUserReward -
- User --- addUserReward -> on ajoute le userReward
- User --- addUserReward -> attrationName: Joshua Tree National Park
- User --- addUserReward -
- User --- addUserReward -> on ajoute le userReward
- User --- addUserReward -> attrationName: Hot Springs National Park
- User --- addUserReward -
- User --- addUserReward -> on ajoute le userReward
- User --- addUserReward -> attrationName: Buffalo National River
- User --- addUserReward -
- User --- addUserReward -> on ajoute le userReward
- User --- addUserReward -> attrationName: Buffalo National River
- User --- addUserReward -
- User --- addUserReward -> on ajoute le userReward
- User --- addUserReward -> attrationName: Mojave National Preserve
- User --- addUserReward -
- User --- addUserReward -> on ajoute le userReward
- User --- addUserReward -> attrationName: Joshua Tree National Park
- User --- addUserReward -
- User --- addUserReward -
- User --- addUserReward -> on ajoute le userReward
- User --- addUserReward -> attrationName: Joshua Tree National Park
- User --- addUserReward -> on ajoute le userReward
- User --- addUserReward -> attrationName: Joshua Tree National Park
- User --- addUserReward -
- User --- addUserReward -
- User --- addUserReward -> on ajoute le userReward
- User --- addUserReward -> attrationName: Hot Springs National Park
- User --- addUserReward -> on ajoute le userReward
- User --- addUserReward -> attrationName: Legend Valley
- User --- addUserReward -
- User --- addUserReward -> on ajoute le userReward
- User --- addUserReward -> attrationName: Mojave National Preserve
- User --- addUserReward -
- User --- addUserReward -> on ajoute le userReward
- User --- addUserReward -> attrationName: Mojave National Preserve
- User --- addUserReward -
- User --- addUserReward -> on ajoute le userReward
- User --- addUserReward -> attrationName: Mojave National Preserve
- User --- addUserReward -
- User --- addUserReward -> on ajoute le userReward
- User --- addUserReward -> attrationName: Hot Springs National Park
- User --- addUserReward -
- User --- addUserReward -> on ajoute le userReward
- User --- addUserReward -> attrationName: Joshua Tree National Park
- User --- addUserReward -
- User --- addUserReward -> on ajoute le userReward
- User --- addUserReward -> attrationName: Mojave National Preserve
- User --- addUserReward -
- User --- addUserReward -> on ajoute le userReward
- User --- addUserReward -> attrationName: Joshua Tree National Park
- User --- addUserReward -
- User --- addUserReward -> on ajoute le userReward
- User --- addUserReward -> attrationName: Tiger Stadium
- User --- addUserReward -
- User --- addUserReward -
- User --- addUserReward -> on ajoute le userReward
- User --- addUserReward -> on ajoute le userReward
- User --- addUserReward -> attrationName: Buffalo National River
- User --- addUserReward -> attrationName: Hot Springs National Park
- User --- addUserReward -
- User --- addUserReward -> on ajoute le userReward
- User --- addUserReward -> attrationName: Joshua Tree National Park
- User --- addUserReward -
- User --- addUserReward -> on ajoute le userReward
- User --- addUserReward -> attrationName: Buffalo National River
- User --- addUserReward -
- User --- addUserReward -> on ajoute le userReward
- User --- addUserReward -> attrationName: Buffalo National River
- User --- addUserReward -
- User --- addUserReward -> on ajoute le userReward
- User --- addUserReward -> attrationName: Kartchner Caverns State Park
- User --- addUserReward -
- User --- addUserReward -> on ajoute le userReward
- User --- addUserReward -> attrationName: Buffalo National River
- User --- addUserReward -
- User --- addUserReward -> on ajoute le userReward
- User --- addUserReward -> attrationName: Joshua Tree National Park
- User --- addUserReward -
- User --- addUserReward -> on ajoute le userReward
- User --- addUserReward -> attrationName: Mojave National Preserve
- User --- addUserReward -
- User --- addUserReward -> on ajoute le userReward
- User --- addUserReward -> attrationName: Hot Springs National Park
- User --- addUserReward -
- User --- addUserReward -> on ajoute le userReward
- User --- addUserReward -> attrationName: Hot Springs National Park
- User --- addUserReward -
- User --- addUserReward -> on ajoute le userReward
- User --- addUserReward -> attrationName: Kartchner Caverns State Park
- User --- addUserReward -
- User --- addUserReward -> on ajoute le userReward
- User --- addUserReward -> attrationName: Joshua Tree National Park
- User --- addUserReward -
- User --- addUserReward -> on ajoute le userReward
- User --- addUserReward -> attrationName: Kartchner Caverns State Park
- User --- addUserReward -
- User --- addUserReward -> on ajoute le userReward
- User --- addUserReward -> attrationName: Joshua Tree National Park
- User --- addUserReward -
- User --- addUserReward -> on ajoute le userReward
- User --- addUserReward -> attrationName: Buffalo National River
- User --- addUserReward -
- User --- addUserReward -> on ajoute le userReward
- User --- addUserReward -> attrationName: Legend Valley
- User --- addUserReward -
- User --- addUserReward -> on ajoute le userReward
- User --- addUserReward -> attrationName: Mojave National Preserve
- User --- addUserReward -
- User --- addUserReward -> on ajoute le userReward
- User --- addUserReward -> attrationName: Buffalo National River
- User --- addUserReward -
- User --- addUserReward -> on ajoute le userReward
- User --- addUserReward -> attrationName: Joshua Tree National Park
- User --- addUserReward -
- User --- addUserReward -> on ajoute le userReward
- User --- addUserReward -> attrationName: Joshua Tree National Park
- User --- addUserReward -
- User --- addUserReward -> on ajoute le userReward
- User --- addUserReward -> attrationName: Buffalo National River
- User --- addUserReward -
- User --- addUserReward -> on ajoute le userReward
- User --- addUserReward -> attrationName: Buffalo National River
- User --- addUserReward -
- User --- addUserReward -> on ajoute le userReward
- User --- addUserReward -> attrationName: Flowers Bakery of London
- User --- addUserReward -
- User --- addUserReward -> on ajoute le userReward
- User --- addUserReward -> attrationName: Joshua Tree National Park
- User --- addUserReward -
- User --- addUserReward -> on ajoute le userReward
- User --- addUserReward -> attrationName: Kartchner Caverns State Park
- User --- addUserReward -
- User --- addUserReward -> on ajoute le userReward
- User --- addUserReward -> attrationName: Buffalo National River
- User --- addUserReward -
- User --- addUserReward -> on ajoute le userReward
- User --- addUserReward -> attrationName: Joshua Tree National Park
- User --- addUserReward -
- User --- addUserReward -> on ajoute le userReward
- User --- addUserReward -> attrationName: Joshua Tree National Park
- User --- addUserReward -
- User --- addUserReward -> on ajoute le userReward
- User --- addUserReward -> attrationName: Joshua Tree National Park
- User --- addUserReward -
- User --- addUserReward -> on ajoute le userReward
- User --- addUserReward -> attrationName: Buffalo National River
- User --- addUserReward -
- User --- addUserReward -> on ajoute le userReward
- User --- addUserReward -> attrationName: Hot Springs National Park
- User --- addUserReward -
- User --- addUserReward -> on ajoute le userReward
- User --- addUserReward -> attrationName: Mojave National Preserve
- User --- addUserReward -
- User --- addUserReward -> on ajoute le userReward
- User --- addUserReward -> attrationName: Mojave National Preserve
- User --- addUserReward -
- User --- addUserReward -> on ajoute le userReward
- User --- addUserReward -> attrationName: Hot Springs National Park
- User --- addUserReward -
- User --- addUserReward -> on ajoute le userReward
- User --- addUserReward -> attrationName: Mojave National Preserve
- User --- addUserReward -
- User --- addUserReward -> on ajoute le userReward
- User --- addUserReward -> attrationName: Kartchner Caverns State Park
- User --- addUserReward -
- User --- addUserReward -> on ajoute le userReward
- User --- addUserReward -> attrationName: Buffalo National River
- User --- addUserReward -
- User --- addUserReward -> on ajoute le userReward
- User --- addUserReward -> attrationName: Hot Springs National Park
- User --- addUserReward -
- User --- addUserReward -> on ajoute le userReward
- User --- addUserReward -> attrationName: Buffalo National River
- User --- addUserReward -
- User --- addUserReward -> on ajoute le userReward
- User --- addUserReward -> attrationName: Hot Springs National Park
- User --- addUserReward -
- User --- addUserReward -> on ajoute le userReward
- User --- addUserReward -> attrationName: Mojave National Preserve
- User --- addUserReward -
- User --- addUserReward -> on ajoute le userReward
- User --- addUserReward -> attrationName: Kartchner Caverns State Park
- User --- addUserReward -
- User --- addUserReward -> on ajoute le userReward
- User --- addUserReward -> attrationName: Buffalo National River
- User --- addUserReward -
- User --- addUserReward -> on ajoute le userReward
- User --- addUserReward -> attrationName: Kartchner Caverns State Park
- User --- addUserReward -
- User --- addUserReward -
- User --- addUserReward -> on ajoute le userReward
- User --- addUserReward -> attrationName: Union Station
- User --- addUserReward -> on ajoute le userReward
- User --- addUserReward -> attrationName: Joshua Tree National Park
- User --- addUserReward -
- User --- addUserReward -> on ajoute le userReward
- User --- addUserReward -> attrationName: Hot Springs National Park
- User --- addUserReward -
- User --- addUserReward -> on ajoute le userReward
- User --- addUserReward -> attrationName: Joshua Tree National Park
- User --- addUserReward -
- User --- addUserReward -
- User --- addUserReward -> on ajoute le userReward
- User --- addUserReward -> on ajoute le userReward
- User --- addUserReward -> attrationName: Hot Springs National Park
- User --- addUserReward -> attrationName: Kartchner Caverns State Park
- User --- addUserReward -
- User --- addUserReward -> on ajoute le userReward
- User --- addUserReward -> attrationName: Neyland Stadium
- User --- addUserReward -
- User --- addUserReward -> on ajoute le userReward
- User --- addUserReward -> attrationName: Kartchner Caverns State Park
- User --- addUserReward -
- User --- addUserReward -> on ajoute le userReward
- User --- addUserReward -> attrationName: Hot Springs National Park
- User --- addUserReward -
- User --- addUserReward -> on ajoute le userReward
- User --- addUserReward -> attrationName: Mojave National Preserve
- User --- addUserReward -
- User --- addUserReward -
- User --- addUserReward -> on ajoute le userReward
[...]
- User --- addUserReward -> on ajoute le userReward
- User --- addUserReward -> attrationName: Cinderella Castle
- User --- addUserReward -
- User --- addUserReward -> on ajoute le userReward
- User --- addUserReward -> attrationName: Kansas City Zoo
- User --- addUserReward -
- User --- addUserReward -> on ajoute le userReward
- User --- addUserReward -> attrationName: Cinderella Castle
2021-10-26 16:04:30.789  INFO 17244 --- [pool-3-thread-1] tourGuide.service.RewardsService         :  ----> Launch calculateRewards
- User --- addUserReward -
- User --- addUserReward -> on ajoute le userReward
- User --- addUserReward -> attrationName: Cinderella Castle
- User --- addUserReward -
- User --- addUserReward -> on ajoute le userReward
- User --- addUserReward -> attrationName: Kansas City Zoo
2021-10-26 16:04:30.847  INFO 17244 --- [pool-3-thread-1] tourGuide.service.RewardsService         :  ----> Launch calculateRewards
- User --- addUserReward -
- User --- addUserReward -> on ajoute le userReward
- User --- addUserReward -> attrationName: Bronx Zoo
- User --- addUserReward -
- User --- addUserReward -> on ajoute le userReward
- User --- addUserReward -> attrationName: Bronx Zoo
- User --- addUserReward -
- User --- addUserReward -> on ajoute le userReward
- User --- addUserReward -> attrationName: Bronx Zoo
- User --- addUserReward -
- User --- addUserReward -> on ajoute le userReward
- User --- addUserReward -> attrationName: Kansas City Zoo
- User --- addUserReward -
- User --- addUserReward -> on ajoute le userReward
- User --- addUserReward -> attrationName: Bronx Zoo
- User --- addUserReward -
- User --- addUserReward -> on ajoute le userReward
- User --- addUserReward -> attrationName: Union Station
- User --- addUserReward -
- User --- addUserReward -> on ajoute le userReward
- User --- addUserReward -> attrationName: Bryant-Denny Stadium
- User --- addUserReward -
- User --- addUserReward -> on ajoute le userReward
- User --- addUserReward -> attrationName: Cinderella Castle
- User --- addUserReward -
- User --- addUserReward -> on ajoute le userReward
- User --- addUserReward -> attrationName: Bronx Zoo
- User --- addUserReward -
- User --- addUserReward -> on ajoute le userReward
- User --- addUserReward -> attrationName: Cinderella Castle
- User --- addUserReward -
- User --- addUserReward -> on ajoute le userReward
- User --- addUserReward -> attrationName: Cinderella Castle
- User --- addUserReward -
- User --- addUserReward -> on ajoute le userReward
- User --- addUserReward -> attrationName: El Paso Zoo
- User --- addUserReward -
- User --- addUserReward -> on ajoute le userReward
- User --- addUserReward -> attrationName: Cinderella Castle
- User --- addUserReward -
- User --- addUserReward -> on ajoute le userReward
- User --- addUserReward -> attrationName: Flowers Bakery of London
- User --- addUserReward -
- User --- addUserReward -> on ajoute le userReward
- User --- addUserReward -> attrationName: Cinderella Castle
- User --- addUserReward -
- User --- addUserReward -> on ajoute le userReward
- User --- addUserReward -> attrationName: Kansas City Zoo
- User --- addUserReward -
- User --- addUserReward -> on ajoute le userReward
- User --- addUserReward -> attrationName: Kansas City Zoo
- User --- addUserReward -
- User --- addUserReward -> on ajoute le userReward
- User --- addUserReward -> attrationName: Bronx Zoo
- User --- addUserReward -
- User --- addUserReward -> on ajoute le userReward
- User --- addUserReward -> attrationName: Cinderella Castle
- User --- addUserReward -
- User --- addUserReward -> on ajoute le userReward
- User --- addUserReward -> attrationName: Cinderella Castle
- User --- addUserReward -
- User --- addUserReward -> on ajoute le userReward
- User --- addUserReward -> attrationName: Bronx Zoo
- User --- addUserReward -
- User --- addUserReward -> on ajoute le userReward
- User --- addUserReward -> attrationName: Cinderella Castle
- User --- addUserReward -
- User --- addUserReward -> on ajoute le userReward
- User --- addUserReward -> attrationName: Bronx Zoo
- User --- addUserReward -
- User --- addUserReward -> on ajoute le userReward
- User --- addUserReward -> attrationName: Roger Dean Stadium
- User --- addUserReward -
- User --- addUserReward -> on ajoute le userReward
- User --- addUserReward -> attrationName: Bronx Zoo
- User --- addUserReward -
- User --- addUserReward -> on ajoute le userReward
- User --- addUserReward -> attrationName: Cinderella Castle
- User --- addUserReward -
- User --- addUserReward -> on ajoute le userReward
- User --- addUserReward -> attrationName: Tiger Stadium
- User --- addUserReward -
- User --- addUserReward -> on ajoute le userReward
- User --- addUserReward -> attrationName: Bronx Zoo
- User --- addUserReward -
- User --- addUserReward -> on ajoute le userReward
- User --- addUserReward -> attrationName: Cinderella Castle
- User --- addUserReward -
- User --- addUserReward -> on ajoute le userReward
- User --- addUserReward -> attrationName: Cinderella Castle
- User --- addUserReward -
- User --- addUserReward -> on ajoute le userReward
- User --- addUserReward -> attrationName: Neyland Stadium
- User --- addUserReward -
- User --- addUserReward -> on ajoute le userReward
- User --- addUserReward -> attrationName: Cinderella Castle
- User --- addUserReward -
- User --- addUserReward -> on ajoute le userReward
- User --- addUserReward -> attrationName: McKinley Tower
- User --- addUserReward -
- User --- addUserReward -> on ajoute le userReward
- User --- addUserReward -> attrationName: Bronx Zoo
- User --- addUserReward -
- User --- addUserReward -> on ajoute le userReward
- User --- addUserReward -> attrationName: Cinderella Castle
- User --- addUserReward -
- User --- addUserReward -> on ajoute le userReward
- User --- addUserReward -> attrationName: Flatiron Building
- User --- addUserReward -
- User --- addUserReward -> on ajoute le userReward
- User --- addUserReward -> attrationName: Texas Memorial Stadium
- User --- addUserReward -
- User --- addUserReward -> on ajoute le userReward
- User --- addUserReward -> attrationName: Cinderella Castle
highVolumeTrackLocation: Time Elapsed: 16 seconds. seconds.  With 102 Users
2021-10-26 16:04:32.580  INFO 17244 --- [pool-1-thread-3] tourGuide.service.RewardsService         :  ----> Launch calculateRewards
2021-10-26 16:04:32.581  INFO 17244 --- [pool-1-thread-6] tourGuide.service.RewardsService         :  ----> Launch calculateRewards
2021-10-26 16:04:32.580  INFO 17244 --- [pool-1-thread-2] tourGuide.service.RewardsService         :  ----> Launch calculateRewards
2021-10-26 16:04:32.580  INFO 17244 --- [pool-1-thread-4] tourGuide.service.RewardsService         :  ----> Launch calculateRewards
2021-10-26 16:04:32.581  INFO 17244 --- [pool-1-thread-8] tourGuide.service.RewardsService         :  ----> Launch calculateRewards
2021-10-26 16:04:32.581  INFO 17244 --- [pool-1-thread-9] tourGuide.service.RewardsService         :  ----> Launch calculateRewards
2021-10-26 16:04:32.581  INFO 17244 --- [ool-1-thread-10] tourGuide.service.RewardsService         :  ----> Launch calculateRewards
2021-10-26 16:04:32.580  INFO 17244 --- [pool-1-thread-1] tourGuide.service.RewardsService         :  ----> Launch calculateRewards
2021-10-26 16:04:32.581  INFO 17244 --- [pool-1-thread-5] tourGuide.service.RewardsService         :  ----> Launch calculateRewards
2021-10-26 16:04:32.581  INFO 17244 --- [pool-1-thread-7] tourGuide.service.RewardsService         :  ----> Launch calculateRewards
2021-10-26 16:04:32.582  INFO 17244 --- [ool-1-thread-11] tourGuide.service.RewardsService         :  ----> Launch calculateRewards
2021-10-26 16:04:32.582  INFO 17244 --- [ool-1-thread-19] tourGuide.service.RewardsService         :  ----> Launch calculateRewards
2021-10-26 16:04:32.583  INFO 17244 --- [ool-1-thread-22] tourGuide.service.RewardsService         :  ----> Launch calculateRewards
2021-10-26 16:04:32.583  INFO 17244 --- [ool-1-thread-12] tourGuide.service.RewardsService         :  ----> Launch calculateRewards
2021-10-26 16:04:32.583  INFO 17244 --- [ool-1-thread-14] tourGuide.service.RewardsService         :  ----> Launch calculateRewards
2021-10-26 16:04:32.582  INFO 17244 --- [ool-1-thread-13] tourGuide.service.RewardsService         :  ----> Launch calculateRewards
2021-10-26 16:04:32.583  INFO 17244 --- [ool-1-thread-28] tourGuide.service.RewardsService         :  ----> Launch calculateRewards
2021-10-26 16:04:32.582  INFO 17244 --- [ool-1-thread-16] tourGuide.service.RewardsService         :  ----> Launch calculateRewards
2021-10-26 16:04:32.583  INFO 17244 --- [ool-1-thread-15] tourGuide.service.RewardsService         :  ----> Launch calculateRewards
2021-10-26 16:04:32.584  INFO 17244 --- [ool-1-thread-27] tourGuide.service.RewardsService         :  ----> Launch calculateRewards
2021-10-26 16:04:32.585  INFO 17244 --- [ool-1-thread-20] tourGuide.service.RewardsService         :  ----> Launch calculateRewards
2021-10-26 16:04:32.584  INFO 17244 --- [ool-1-thread-25] tourGuide.service.RewardsService         :  ----> Launch calculateRewards
2021-10-26 16:04:32.585  INFO 17244 --- [ool-1-thread-40] tourGuide.service.RewardsService         :  ----> Launch calculateRewards
2021-10-26 16:04:32.585  INFO 17244 --- [ool-1-thread-23] tourGuide.service.RewardsService         :  ----> Launch calculateRewards
2021-10-26 16:04:32.586  INFO 17244 --- [ool-1-thread-52] tourGuide.service.RewardsService         :  ----> Launch calculateRewards
2021-10-26 16:04:32.587  INFO 17244 --- [ool-1-thread-24] tourGuide.service.RewardsService         :  ----> Launch calculateRewards
2021-10-26 16:04:32.587  INFO 17244 --- [ool-1-thread-17] tourGuide.service.RewardsService         :  ----> Launch calculateRewards
2021-10-26 16:04:32.587  INFO 17244 --- [ool-1-thread-18] tourGuide.service.RewardsService         :  ----> Launch calculateRewards
2021-10-26 16:04:32.587  INFO 17244 --- [ool-1-thread-34] tourGuide.service.RewardsService         :  ----> Launch calculateRewards
2021-10-26 16:04:32.587  INFO 17244 --- [ool-1-thread-30] tourGuide.service.RewardsService         :  ----> Launch calculateRewards
2021-10-26 16:04:32.587  INFO 17244 --- [ool-1-thread-21] tourGuide.service.RewardsService         :  ----> Launch calculateRewards
2021-10-26 16:04:32.587  INFO 17244 --- [ool-1-thread-41] tourGuide.service.RewardsService         :  ----> Launch calculateRewards
2021-10-26 16:04:32.587  INFO 17244 --- [ool-1-thread-31] tourGuide.service.RewardsService         :  ----> Launch calculateRewards
2021-10-26 16:04:32.587  INFO 17244 --- [ool-1-thread-37] tourGuide.service.RewardsService         :  ----> Launch calculateRewards
2021-10-26 16:04:32.588  INFO 17244 --- [ool-1-thread-71] tourGuide.service.RewardsService         :  ----> Launch calculateRewards
2021-10-26 16:04:32.589  INFO 17244 --- [ool-1-thread-46] tourGuide.service.RewardsService         :  ----> Launch calculateRewards
2021-10-26 16:04:32.589  INFO 17244 --- [ool-1-thread-74] tourGuide.service.RewardsService         :  ----> Launch calculateRewards
2021-10-26 16:04:32.589  INFO 17244 --- [ool-1-thread-90] tourGuide.service.RewardsService         :  ----> Launch calculateRewards
2021-10-26 16:04:32.589  INFO 17244 --- [ool-1-thread-86] tourGuide.service.RewardsService         :  ----> Launch calculateRewards
2021-10-26 16:04:32.589  INFO 17244 --- [ool-1-thread-61] tourGuide.service.RewardsService         :  ----> Launch calculateRewards
2021-10-26 16:04:32.590  INFO 17244 --- [ool-1-thread-94] tourGuide.service.RewardsService         :  ----> Launch calculateRewards
2021-10-26 16:04:32.589  INFO 17244 --- [ool-1-thread-58] tourGuide.service.RewardsService         :  ----> Launch calculateRewards
2021-10-26 16:04:32.590  INFO 17244 --- [ool-1-thread-91] tourGuide.service.RewardsService         :  ----> Launch calculateRewards
2021-10-26 16:04:32.590  INFO 17244 --- [ool-1-thread-33] tourGuide.service.RewardsService         :  ----> Launch calculateRewards
2021-10-26 16:04:32.591  INFO 17244 --- [ool-1-thread-36] tourGuide.service.RewardsService         :  ----> Launch calculateRewards
2021-10-26 16:04:32.591  INFO 17244 --- [ool-1-thread-38] tourGuide.service.RewardsService         :  ----> Launch calculateRewards
2021-10-26 16:04:32.592  INFO 17244 --- [ool-1-thread-39] tourGuide.service.RewardsService         :  ----> Launch calculateRewards
2021-10-26 16:04:32.592  INFO 17244 --- [ool-1-thread-64] tourGuide.service.RewardsService         :  ----> Launch calculateRewards
2021-10-26 16:04:32.592  INFO 17244 --- [ool-1-thread-29] tourGuide.service.RewardsService         :  ----> Launch calculateRewards
2021-10-26 16:04:32.592  INFO 17244 --- [ool-1-thread-44] tourGuide.service.RewardsService         :  ----> Launch calculateRewards
2021-10-26 16:04:32.593  INFO 17244 --- [ool-1-thread-45] tourGuide.service.RewardsService         :  ----> Launch calculateRewards
2021-10-26 16:04:32.593  INFO 17244 --- [ool-1-thread-42] tourGuide.service.RewardsService         :  ----> Launch calculateRewards
2021-10-26 16:04:32.593  INFO 17244 --- [ool-1-thread-48] tourGuide.service.RewardsService         :  ----> Launch calculateRewards
2021-10-26 16:04:32.593  INFO 17244 --- [ool-1-thread-47] tourGuide.service.RewardsService         :  ----> Launch calculateRewards
2021-10-26 16:04:32.593  INFO 17244 --- [ool-1-thread-50] tourGuide.service.RewardsService         :  ----> Launch calculateRewards
2021-10-26 16:04:32.594  INFO 17244 --- [ool-1-thread-51] tourGuide.service.RewardsService         :  ----> Launch calculateRewards
2021-10-26 16:04:32.594  INFO 17244 --- [ool-1-thread-53] tourGuide.service.RewardsService         :  ----> Launch calculateRewards
2021-10-26 16:04:32.595  INFO 17244 --- [ool-1-thread-54] tourGuide.service.RewardsService         :  ----> Launch calculateRewards
2021-10-26 16:04:32.596  INFO 17244 --- [ool-1-thread-56] tourGuide.service.RewardsService         :  ----> Launch calculateRewards
2021-10-26 16:04:32.596  INFO 17244 --- [ool-1-thread-60] tourGuide.service.RewardsService         :  ----> Launch calculateRewards
2021-10-26 16:04:32.596  INFO 17244 --- [ool-1-thread-57] tourGuide.service.RewardsService         :  ----> Launch calculateRewards
2021-10-26 16:04:32.598  INFO 17244 --- [ool-1-thread-59] tourGuide.service.RewardsService         :  ----> Launch calculateRewards
2021-10-26 16:04:32.598  INFO 17244 --- [ool-1-thread-62] tourGuide.service.RewardsService         :  ----> Launch calculateRewards
2021-10-26 16:04:32.598  INFO 17244 --- [ool-1-thread-63] tourGuide.service.RewardsService         :  ----> Launch calculateRewards
2021-10-26 16:04:32.599  INFO 17244 --- [ool-1-thread-65] tourGuide.service.RewardsService         :  ----> Launch calculateRewards
2021-10-26 16:04:32.600  INFO 17244 --- [ool-1-thread-66] tourGuide.service.RewardsService         :  ----> Launch calculateRewards
2021-10-26 16:04:32.600  INFO 17244 --- [ool-1-thread-67] tourGuide.service.RewardsService         :  ----> Launch calculateRewards
2021-10-26 16:04:32.601  INFO 17244 --- [ool-1-thread-68] tourGuide.service.RewardsService         :  ----> Launch calculateRewards
2021-10-26 16:04:32.601  INFO 17244 --- [ool-1-thread-70] tourGuide.service.RewardsService         :  ----> Launch calculateRewards
2021-10-26 16:04:32.602  INFO 17244 --- [ool-1-thread-32] tourGuide.service.RewardsService         :  ----> Launch calculateRewards
2021-10-26 16:04:32.602  INFO 17244 --- [ool-1-thread-69] tourGuide.service.RewardsService         :  ----> Launch calculateRewards
2021-10-26 16:04:32.602  INFO 17244 --- [ool-1-thread-73] tourGuide.service.RewardsService         :  ----> Launch calculateRewards
2021-10-26 16:04:32.603  INFO 17244 --- [ool-1-thread-72] tourGuide.service.RewardsService         :  ----> Launch calculateRewards
2021-10-26 16:04:32.604  INFO 17244 --- [ool-1-thread-75] tourGuide.service.RewardsService         :  ----> Launch calculateRewards
2021-10-26 16:04:32.604  INFO 17244 --- [ool-1-thread-77] tourGuide.service.RewardsService         :  ----> Launch calculateRewards
2021-10-26 16:04:32.604  INFO 17244 --- [ool-1-thread-78] tourGuide.service.RewardsService         :  ----> Launch calculateRewards
2021-10-26 16:04:32.604  INFO 17244 --- [ool-1-thread-43] tourGuide.service.RewardsService         :  ----> Launch calculateRewards
2021-10-26 16:04:32.604  INFO 17244 --- [ool-1-thread-76] tourGuide.service.RewardsService         :  ----> Launch calculateRewards
2021-10-26 16:04:32.604  INFO 17244 --- [ool-1-thread-79] tourGuide.service.RewardsService         :  ----> Launch calculateRewards
2021-10-26 16:04:32.604  INFO 17244 --- [ool-1-thread-82] tourGuide.service.RewardsService         :  ----> Launch calculateRewards
2021-10-26 16:04:32.605  INFO 17244 --- [ool-1-thread-85] tourGuide.service.RewardsService         :  ----> Launch calculateRewards
2021-10-26 16:04:32.605  INFO 17244 --- [ool-1-thread-80] tourGuide.service.RewardsService         :  ----> Launch calculateRewards
2021-10-26 16:04:32.605  INFO 17244 --- [ool-1-thread-88] tourGuide.service.RewardsService         :  ----> Launch calculateRewards
2021-10-26 16:04:32.605  INFO 17244 --- [ool-1-thread-81] tourGuide.service.RewardsService         :  ----> Launch calculateRewards
2021-10-26 16:04:32.605  INFO 17244 --- [ool-1-thread-83] tourGuide.service.RewardsService         :  ----> Launch calculateRewards
2021-10-26 16:04:32.606  INFO 17244 --- [ool-1-thread-84] tourGuide.service.RewardsService         :  ----> Launch calculateRewards
2021-10-26 16:04:32.606  INFO 17244 --- [ool-1-thread-49] tourGuide.service.RewardsService         :  ----> Launch calculateRewards
2021-10-26 16:04:32.606  INFO 17244 --- [ool-1-thread-89] tourGuide.service.RewardsService         :  ----> Launch calculateRewards
2021-10-26 16:04:32.606  INFO 17244 --- [ool-1-thread-87] tourGuide.service.RewardsService         :  ----> Launch calculateRewards
2021-10-26 16:04:32.607  INFO 17244 --- [ool-1-thread-26] tourGuide.service.RewardsService         :  ----> Launch calculateRewards
2021-10-26 16:04:32.607  INFO 17244 --- [ool-1-thread-55] tourGuide.service.RewardsService         :  ----> Launch calculateRewards
2021-10-26 16:04:32.607  INFO 17244 --- [ool-1-thread-92] tourGuide.service.RewardsService         :  ----> Launch calculateRewards
2021-10-26 16:04:32.608  INFO 17244 --- [ool-1-thread-93] tourGuide.service.RewardsService         :  ----> Launch calculateRewards
2021-10-26 16:04:32.608  INFO 17244 --- [ool-1-thread-35] tourGuide.service.RewardsService         :  ----> Launch calculateRewards
2021-10-26 16:04:32.608  INFO 17244 --- [ol-1-thread-100] tourGuide.service.RewardsService         :  ----> Launch calculateRewards
2021-10-26 16:04:32.608  INFO 17244 --- [ool-1-thread-95] tourGuide.service.RewardsService         :  ----> Launch calculateRewards
2021-10-26 16:04:32.608  INFO 17244 --- [ool-1-thread-97] tourGuide.service.RewardsService         :  ----> Launch calculateRewards
2021-10-26 16:04:32.608  INFO 17244 --- [ool-1-thread-96] tourGuide.service.RewardsService         :  ----> Launch calculateRewards
2021-10-26 16:04:32.609  INFO 17244 --- [ool-1-thread-98] tourGuide.service.RewardsService         :  ----> Launch calculateRewards
2021-10-26 16:04:32.609  INFO 17244 --- [ool-1-thread-99] tourGuide.service.RewardsService         :  ----> Launch calculateRewards
2021-10-26 16:04:32.610  INFO 17244 --- [ol-1-thread-101] tourGuide.service.RewardsService         :  ----> Launch calculateRewards
2021-10-26 16:04:32.611  INFO 17244 --- [ol-1-thread-102] tourGuide.service.RewardsService         :  ----> Launch calculateRewards
- User --- addUserReward -
- User --- addUserReward -> on ajoute le userReward
- User --- addUserReward -> attrationName: Cinderella Castle
highVolumeGetRewards: Time Elapsed: 0 seconds.  --  With 102 Users
]]></system-out>
  <system-err><![CDATA[]]></system-err>
</testsuite>
